#
# A fatal error has been detected by the Java Runtime Environment:
#
#  SIGSEGV (0xb) at pc=0x00007fff953868f2, pid=22991, tid=1811
#
# JRE version: Java(TM) SE Runtime Environment (8.0_45-b14) (build 1.8.0_45-b14)
# Java VM: Java HotSpot(TM) 64-Bit Server VM (25.45-b02 mixed mode bsd-amd64 compressed oops)
# Problematic frame:
# C  [libGPUSupportMercury.dylib+0xb8f2]  gldAttachDrawable+0x60
#
# Failed to write core dump. Core dumps have been disabled. To enable core dumping, try "ulimit -c unlimited" before starting Java again
#
# If you would like to submit a bug report, please visit:
#   http://bugreport.java.com/bugreport/crash.jsp
# The crash happened outside the Java Virtual Machine in native code.
# See problematic frame for where to report the bug.
#

---------------  T H R E A D  ---------------

Current thread (0x00007ff04a07f800):  JavaThread "AppKit Thread" daemon [_thread_in_native, id=1811, stack(0x00007fff5b4d7000,0x00007fff5bcd7000)]

siginfo: si_signo: 11 (SIGSEGV), si_code: 0 (unknown), si_addr: 0x0000000000000000

Registers:
RAX=0xc000000000000000, RBX=0x000000000000271e, RCX=0x0000000000000000, RDX=0x00007ff048c924f8
RSP=0x00007fff5bcd0910, RBP=0x00007fff5bcd0a10, RSI=0x0000000000000050, RDI=0x00007fff76cf3070
R8 =0x00007ff04b80aa60, R9 =0x00007ff04b800000, R10=0x000000000000003c, R11=0x0000000000000206
R12=0x0000000000002718, R13=0x00007ff04a113600, R14=0x0000000000000050, R15=0x0000000000000000
RIP=0x00007fff953868f2, EFLAGS=0x0000000000010212, ERR=0x0000000000000000
  TRAPNO=0x000000000000000d

Top of Stack: (sp=0x00007fff5bcd0910)
0x00007fff5bcd0910:   00007fff5bcd0984 00007ff048e361b0
0x00007fff5bcd0920:   ffffffffffffffff 0000206000000040
0x00007fff5bcd0930:   00007ff048e361c8 00007fff90a6764f
0x00007fff5bcd0940:   0000000000000000 c000000000000000
0x00007fff5bcd0950:   0000000300000003 00007fff5bcd0a98
0x00007fff5bcd0960:   00007fff5bcd0a24 000000000002a08f
0x00007fff5bcd0970:   00007fff5bcd0a1c 00007fff5bcd0a20
0x00007fff5bcd0980:   00007fff5bcd0a00 00007fff8bb60f1e
0x00007fff5bcd0990:   0000000000000000 0000000000006c40
0x00007fff5bcd09a0:   0000003400001200 0000040b00000000
0x00007fff5bcd09b0:   00007fff5bcd09e0 00007fff8bb132fe
0x00007fff5bcd09c0:   00007fff5bcd0a58 0000000000006c40
0x00007fff5bcd09d0:   00007fff5bcd0a10 00000000329be249
0x00007fff5bcd09e0:   5700cb8268a66e96 00007ff04b800c00
0x00007fff5bcd09f0:   0000000000002718 0000000000000000
0x00007fff5bcd0a00:   0000000000000050 0000000000000000
0x00007fff5bcd0a10:   00007fff5bcd0a60 00007fff85ff57e8
0x00007fff5bcd0a20:   00007ff04b80aa60 0000000000000000
0x00007fff5bcd0a30:   00007ff048c924f8 00007ff048e70060
0x00007fff5bcd0a40:   0000000000000000 00007ff04a10af50
0x00007fff5bcd0a50:   00007ff04a109000 00007fff76cf3070
0x00007fff5bcd0a60:   00007fff5bcd0b50 00007fff9546c7ac
0x00007fff5bcd0a70:   408c200000000000 406b800000000000
0x00007fff5bcd0a80:   404a800000000000 408f400000000000
0x00007fff5bcd0a90:   4088200000000000 0000000000000000
0x00007fff5bcd0aa0:   4036000000000000 408f400000000000
0x00007fff5bcd0ab0:   4087700000000000 0000000000000000
0x00007fff5bcd0ac0:   0000000000000000 0000000000000001
0x00007fff5bcd0ad0:   00007ff048c924f8 0000000000000001
0x00007fff5bcd0ae0:   00007fff5bcd0b50 00007fff9547164c
0x00007fff5bcd0af0:   0000000100000003 00007ff04a10af50
0x00007fff5bcd0b00:   00007ff04a10ae88 000000028f4cffff 

Instructions: (pc=0x00007fff953868f2)
0x00007fff953868d2:   48 85 d2 b8 01 00 00 00 bb 15 27 00 00 0f 44 d8
0x00007fff953868e2:   e9 7f 01 00 00 49 8b 45 08 48 89 85 38 ff ff ff
0x00007fff953868f2:   48 8b 00 48 89 85 30 ff ff ff 83 fe 4f 0f 8f fd
0x00007fff95386902:   00 00 00 48 89 d0 bb 15 27 00 00 83 fe 35 0f 84 

Register to memory mapping:

RAX=0xc000000000000000 is an unknown value
RBX=0x000000000000271e is an unknown value
RCX=0x0000000000000000 is an unknown value
RDX=0x00007ff048c924f8 is an unknown value
RSP=0x00007fff5bcd0910 is pointing into the stack for thread: 0x00007ff04a07f800
RBP=0x00007fff5bcd0a10 is pointing into the stack for thread: 0x00007ff04a07f800
RSI=0x0000000000000050 is an unknown value
RDI=0x00007fff76cf3070: __stack_chk_guard+0 in /usr/lib/system/libsystem_c.dylib at 0x00007fff8b3f3000
R8 =0x00007ff04b80aa60 is an unknown value
R9 =0x00007ff04b800000 is an unknown value
R10=0x000000000000003c is an unknown value
R11=0x0000000000000206 is an unknown value
R12=0x0000000000002718 is an unknown value
R13=0x00007ff04a113600 is an unknown value
R14=0x0000000000000050 is an unknown value
R15=0x0000000000000000 is an unknown value


Stack: [0x00007fff5b4d7000,0x00007fff5bcd7000],  sp=0x00007fff5bcd0910,  free space=8166k
Native frames: (J=compiled Java code, j=interpreted, Vv=VM code, C=native code)
C  [libGPUSupportMercury.dylib+0xb8f2]  gldAttachDrawable+0x60
C  [GLEngine+0x167e8]  gliAttachDrawableWithOptions+0x101
C  [OpenGL+0x37ac]  glcGetIOAccelService+0xe03
C  [OpenGL+0x73f3]  CGLSetPBuffer+0xb90
C  [OpenGL+0x7716]  CGLSetSurface+0x124
C  [AppKit+0x57e567]  NSOpenGLContextAttachOnScreenViewSurface+0x109
C  [AppKit+0x2c669b]  -[NSOpenGLContext setView:]+0x83
C  [liblwjgl.dylib+0xa586]  -[MacOSXOpenGLView lockFocus]+0x76
C  [AppKit+0x14e3c5]  -[NSView _recursiveDisplayRectIfNeededIgnoringOpacity:isVisibleRect:rectIsVisibleRectForView:topView:]+0x740
C  [AppKit+0x14f420]  -[NSView _recursiveDisplayRectIfNeededIgnoringOpacity:isVisibleRect:rectIsVisibleRectForView:topView:]+0x179b
C  [AppKit+0x14d773]  -[NSThemeFrame _recursiveDisplayRectIfNeededIgnoringOpacity:isVisibleRect:rectIsVisibleRectForView:topView:]+0x14d
C  [AppKit+0x14a2cb]  -[NSView _displayRectIgnoringOpacity:isVisibleRect:rectIsVisibleRectForView:]+0xac9
C  [AppKit+0x128e2d]  -[NSView displayIfNeeded]+0x754
C  [AppKit+0x1461c5]  -[NSWindow displayIfNeeded]+0xe8
C  [AppKit+0x183322]  _handleWindowNeedsDisplayOrLayoutOrUpdateConstraints+0x3a8
C  [Foundation+0x66db3]  __NSFireTimer+0x5f
C  [CoreFoundation+0xb5b64]  __CFRUNLOOP_IS_CALLING_OUT_TO_A_TIMER_CALLBACK_FUNCTION__+0x14
C  [CoreFoundation+0xb57f3]  __CFRunLoopDoTimer+0x423
C  [CoreFoundation+0x128dbd]  __CFRunLoopDoTimers+0x12d
C  [CoreFoundation+0x72288]  __CFRunLoopRun+0x7e8
C  [CoreFoundation+0x71858]  CFRunLoopRunSpecific+0x128
C  [HIToolbox+0x2eaef]  RunCurrentEventLoopInMode+0xeb
C  [HIToolbox+0x2e86a]  ReceiveNextEventCommon+0x1af
C  [HIToolbox+0x2e6ab]  _BlockUntilNextEventMatchingListInModeWithFilter+0x47
C  [AppKit+0x23f81]  _DPSNextEvent+0x3c4
C  [AppKit+0x23730]  -[NSApplication nextEventMatchingMask:untilDate:inMode:dequeue:]+0xc2
C  [libosxapp.dylib+0x242a]  -[NSApplicationAWT nextEventMatchingMask:untilDate:inMode:dequeue:]+0x7c
C  [AppKit+0x17593]  -[NSApplication run]+0x252
C  [libosxapp.dylib+0x223e]  +[NSApplicationAWT runAWTLoopWithApp:]+0x9c
C  [libawt_lwawt.dylib+0x4462b]  -[AWTStarter starter:]+0x389
C  [Foundation+0x65cdc]  __NSThreadPerformPerform+0x125
C  [CoreFoundation+0x80681]  __CFRUNLOOP_IS_CALLING_OUT_TO_A_SOURCE0_PERFORM_FUNCTION__+0x11
C  [CoreFoundation+0x7280d]  __CFRunLoopDoSources0+0x10d
C  [CoreFoundation+0x71e3f]  __CFRunLoopRun+0x39f
C  [CoreFoundation+0x71858]  CFRunLoopRunSpecific+0x128
C  [java+0x6490]  CreateExecutionEnvironment+0x367
C  [java+0x221c]  JLI_Launch+0x7a0
C  [java+0x84ed]  main+0x65
C  [java+0x1a74]  start+0x34
C  0x0000000000000006


---------------  P R O C E S S  ---------------

Java Threads: ( => current thread )
  0x00007ff0499bd800 JavaThread "AWT-Shutdown" [_thread_blocked, id=51259, stack(0x0000000124df6000,0x0000000124ef6000)]
  0x00007ff04a132800 JavaThread "Java2D Queue Flusher" daemon [_thread_blocked, id=50695, stack(0x00000001205ad000,0x00000001206ad000)]
  0x00007ff049241000 JavaThread "Java2D Disposer" daemon [_thread_blocked, id=49687, stack(0x000000012047d000,0x000000012057d000)]
=>0x00007ff04a07f800 JavaThread "AppKit Thread" daemon [_thread_in_native, id=1811, stack(0x00007fff5b4d7000,0x00007fff5bcd7000)]
  0x00007ff04a879000 JavaThread "Service Thread" daemon [_thread_blocked, id=18179, stack(0x000000011b06a000,0x000000011b16a000)]
  0x00007ff04900f800 JavaThread "C1 CompilerThread2" daemon [_thread_blocked, id=17667, stack(0x000000011af67000,0x000000011b067000)]
  0x00007ff04900e800 JavaThread "C2 CompilerThread1" daemon [_thread_blocked, id=17155, stack(0x000000011ae64000,0x000000011af64000)]
  0x00007ff04900d000 JavaThread "C2 CompilerThread0" daemon [_thread_blocked, id=16643, stack(0x000000011ad61000,0x000000011ae61000)]
  0x00007ff049005000 JavaThread "Signal Dispatcher" daemon [_thread_blocked, id=13331, stack(0x000000011ac5e000,0x000000011ad5e000)]
  0x00007ff04a00a000 JavaThread "Finalizer" daemon [_thread_blocked, id=11523, stack(0x000000011930f000,0x000000011940f000)]
  0x00007ff04a009000 JavaThread "Reference Handler" daemon [_thread_blocked, id=11011, stack(0x000000011920c000,0x000000011930c000)]
  0x00007ff04980e000 JavaThread "main" [_thread_in_native, id=4867, stack(0x0000000105801000,0x0000000105901000)]

Other Threads:
  0x00007ff04a817800 VMThread [stack: 0x0000000119109000,0x0000000119209000] [id=10499]
  0x00007ff049008000 WatcherThread [stack: 0x000000011b16d000,0x000000011b26d000] [id=18691]

VM state:not at safepoint (normal execution)

VM Mutex/Monitor currently owned by a thread: None

Heap:
 PSYoungGen      total 133120K, used 30379K [0x00000007aab00000, 0x00000007b3080000, 0x00000007c0000000)
  eden space 130560K, 23% used [0x00000007aab00000,0x00000007ac85af38,0x00000007b2a80000)
  from space 2560K, 12% used [0x00000007b2d00000,0x00000007b2d50000,0x00000007b2f80000)
  to   space 2560K, 0% used [0x00000007b2a80000,0x00000007b2a80000,0x00000007b2d00000)
 ParOldGen       total 128512K, used 33333K [0x0000000780000000, 0x0000000787d80000, 0x00000007aab00000)
  object space 128512K, 25% used [0x0000000780000000,0x000000078208d618,0x0000000787d80000)
 Metaspace       used 10673K, capacity 10833K, committed 11008K, reserved 1058816K
  class space    used 1128K, capacity 1211K, committed 1280K, reserved 1048576K

Card table byte_map: [0x0000000114cc3000,0x0000000114ec4000] byte_map_base: 0x00000001110c3000

Marking Bits: (ParMarkBitMap*) 0x00000001048ea7a0
 Begin Bits: [0x0000000115426000, 0x0000000116426000)
 End Bits:   [0x0000000116426000, 0x0000000117426000)

Polling page: 0x0000000104feb000

CodeCache: size=245760Kb used=4514Kb max_used=4514Kb free=241246Kb
 bounds [0x0000000105903000, 0x0000000105d73000, 0x0000000114903000]
 total_blobs=1642 nmethods=1125 adapters=431
 compilation: enabled

Compilation events (10 events):
Event: 23934.568 Thread 0x00007ff04900f800 1122       3       java.nio.Bits::int1 (6 bytes)
Event: 23934.568 Thread 0x00007ff04900f800 nmethod 1122 0x0000000105d69290 code [0x0000000105d693e0, 0x0000000105d69510]
Event: 23934.568 Thread 0x00007ff04900f800 1123       3       java.nio.Bits::int0 (3 bytes)
Event: 23934.568 Thread 0x00007ff04900f800 nmethod 1123 0x0000000105d69590 code [0x0000000105d696e0, 0x0000000105d69810]
Event: 23934.568 Thread 0x00007ff04900f800 1124       3       java.nio.Bits::putIntB (43 bytes)
Event: 23934.569 Thread 0x00007ff04900f800 nmethod 1124 0x0000000105d69890 code [0x0000000105d69a40, 0x0000000105d6a018]
Event: 23934.575 Thread 0x00007ff04900f800 1128   !   3       org.newdawn.slick.GameContainer::updateAndRender (406 bytes)
Event: 23934.581 Thread 0x00007ff04900f800 nmethod 1128 0x0000000105d6a210 code [0x0000000105d6a720, 0x0000000105d6d188]
Event: 23934.593 Thread 0x00007ff04900f800 1129       3       java.nio.Bits::makeInt (29 bytes)
Event: 23934.593 Thread 0x00007ff04900f800 nmethod 1129 0x0000000105d6ee10 code [0x0000000105d6ef60, 0x0000000105d6f0b0]

GC Heap History (10 events):
Event: 2.054 GC heap before
{Heap before GC invocations=10 (full 3):
 PSYoungGen      total 77824K, used 74912K [0x00000007aab00000, 0x00000007afe00000, 0x00000007c0000000)
  eden space 74752K, 100% used [0x00000007aab00000,0x00000007af400000,0x00000007af400000)
  from space 3072K, 5% used [0x00000007af700000,0x00000007af728000,0x00000007afa00000)
  to   space 3072K, 0% used [0x00000007af400000,0x00000007af400000,0x00000007af700000)
 ParOldGen       total 104960K, used 19564K [0x0000000780000000, 0x0000000786680000, 0x00000007aab00000)
  object space 104960K, 18% used [0x0000000780000000,0x000000078131b170,0x0000000786680000)
 Metaspace       used 10454K, capacity 10641K, committed 10752K, reserved 1058816K
  class space    used 1122K, capacity 1211K, committed 1280K, reserved 1048576K
Event: 2.060 GC heap after
Heap after GC invocations=10 (full 3):
 PSYoungGen      total 77824K, used 300K [0x00000007aab00000, 0x00000007b1a00000, 0x00000007c0000000)
  eden space 74752K, 0% used [0x00000007aab00000,0x00000007aab00000,0x00000007af400000)
  from space 3072K, 9% used [0x00000007af400000,0x00000007af44b1a8,0x00000007af700000)
  to   space 3072K, 0% used [0x00000007b1700000,0x00000007b1700000,0x00000007b1a00000)
 ParOldGen       total 104960K, used 48904K [0x0000000780000000, 0x0000000786680000, 0x00000007aab00000)
  object space 104960K, 46% used [0x0000000780000000,0x0000000782fc21b0,0x0000000786680000)
 Metaspace       used 10454K, capacity 10641K, committed 10752K, reserved 1058816K
  class space    used 1122K, capacity 1211K, committed 1280K, reserved 1048576K
}
Event: 2.279 GC heap before
{Heap before GC invocations=11 (full 3):
 PSYoungGen      total 77824K, used 75052K [0x00000007aab00000, 0x00000007b1a00000, 0x00000007c0000000)
  eden space 74752K, 100% used [0x00000007aab00000,0x00000007af400000,0x00000007af400000)
  from space 3072K, 9% used [0x00000007af400000,0x00000007af44b1a8,0x00000007af700000)
  to   space 3072K, 0% used [0x00000007b1700000,0x00000007b1700000,0x00000007b1a00000)
 ParOldGen       total 104960K, used 48904K [0x0000000780000000, 0x0000000786680000, 0x00000007aab00000)
  object space 104960K, 46% used [0x0000000780000000,0x0000000782fc21b0,0x0000000786680000)
 Metaspace       used 10454K, capacity 10641K, committed 10752K, reserved 1058816K
  class space    used 1122K, capacity 1211K, committed 1280K, reserved 1048576K
Event: 2.281 GC heap after
Heap after GC invocations=11 (full 3):
 PSYoungGen      total 104448K, used 268K [0x00000007aab00000, 0x00000007b1780000, 0x00000007c0000000)
  eden space 103936K, 0% used [0x00000007aab00000,0x00000007aab00000,0x00000007b1080000)
  from space 512K, 52% used [0x00000007b1700000,0x00000007b17431a8,0x00000007b1780000)
  to   space 2560K, 0% used [0x00000007b1280000,0x00000007b1280000,0x00000007b1500000)
 ParOldGen       total 104960K, used 53660K [0x0000000780000000, 0x0000000786680000, 0x00000007aab00000)
  object space 104960K, 51% used [0x0000000780000000,0x00000007834671c0,0x0000000786680000)
 Metaspace       used 10454K, capacity 10641K, committed 10752K, reserved 1058816K
  class space    used 1122K, capacity 1211K, committed 1280K, reserved 1048576K
}
Event: 2.602 GC heap before
{Heap before GC invocations=12 (full 3):
 PSYoungGen      total 104448K, used 103209K [0x00000007aab00000, 0x00000007b1780000, 0x00000007c0000000)
  eden space 103936K, 99% used [0x00000007aab00000,0x00000007b0f87430,0x00000007b1080000)
  from space 512K, 52% used [0x00000007b1700000,0x00000007b17431a8,0x00000007b1780000)
  to   space 2560K, 0% used [0x00000007b1280000,0x00000007b1280000,0x00000007b1500000)
 ParOldGen       total 104960K, used 53660K [0x0000000780000000, 0x0000000786680000, 0x00000007aab00000)
  object space 104960K, 51% used [0x0000000780000000,0x00000007834671c0,0x0000000786680000)
 Metaspace       used 10458K, capacity 10641K, committed 10752K, reserved 1058816K
  class space    used 1122K, capacity 1211K, committed 1280K, reserved 1048576K
Event: 2.616 GC heap after
Heap after GC invocations=12 (full 3):
 PSYoungGen      total 108544K, used 864K [0x00000007aab00000, 0x00000007b2f80000, 0x00000007c0000000)
  eden space 105984K, 0% used [0x00000007aab00000,0x00000007aab00000,0x00000007b1280000)
  from space 2560K, 33% used [0x00000007b1280000,0x00000007b13580d0,0x00000007b1500000)
  to   space 2560K, 0% used [0x00000007b2d00000,0x00000007b2d00000,0x00000007b2f80000)
 ParOldGen       total 104960K, used 91323K [0x0000000780000000, 0x0000000786680000, 0x00000007aab00000)
  object space 104960K, 87% used [0x0000000780000000,0x000000078592ee20,0x0000000786680000)
 Metaspace       used 10458K, capacity 10641K, committed 10752K, reserved 1058816K
  class space    used 1122K, capacity 1211K, committed 1280K, reserved 1048576K
}
Event: 2.616 GC heap before
{Heap before GC invocations=13 (full 4):
 PSYoungGen      total 108544K, used 864K [0x00000007aab00000, 0x00000007b2f80000, 0x00000007c0000000)
  eden space 105984K, 0% used [0x00000007aab00000,0x00000007aab00000,0x00000007b1280000)
  from space 2560K, 33% used [0x00000007b1280000,0x00000007b13580d0,0x00000007b1500000)
  to   space 2560K, 0% used [0x00000007b2d00000,0x00000007b2d00000,0x00000007b2f80000)
 ParOldGen       total 104960K, used 91323K [0x0000000780000000, 0x0000000786680000, 0x00000007aab00000)
  object space 104960K, 87% used [0x0000000780000000,0x000000078592ee20,0x0000000786680000)
 Metaspace       used 10458K, capacity 10641K, committed 10752K, reserved 1058816K
  class space    used 1122K, capacity 1211K, committed 1280K, reserved 1048576K
Event: 2.631 GC heap after
Heap after GC invocations=13 (full 4):
 PSYoungGen      total 108544K, used 0K [0x00000007aab00000, 0x00000007b2f80000, 0x00000007c0000000)
  eden space 105984K, 0% used [0x00000007aab00000,0x00000007aab00000,0x00000007b1280000)
  from space 2560K, 0% used [0x00000007b1280000,0x00000007b1280000,0x00000007b1500000)
  to   space 2560K, 0% used [0x00000007b2d00000,0x00000007b2d00000,0x00000007b2f80000)
 ParOldGen       total 128512K, used 19057K [0x0000000780000000, 0x0000000787d80000, 0x00000007aab00000)
  object space 128512K, 14% used [0x0000000780000000,0x000000078129c5e8,0x0000000787d80000)
 Metaspace       used 10458K, capacity 10641K, committed 10752K, reserved 1058816K
  class space    used 1122K, capacity 1211K, committed 1280K, reserved 1048576K
}
Event: 14749.679 GC heap before
{Heap before GC invocations=14 (full 4):
 PSYoungGen      total 108544K, used 105984K [0x00000007aab00000, 0x00000007b2f80000, 0x00000007c0000000)
  eden space 105984K, 100% used [0x00000007aab00000,0x00000007b1280000,0x00000007b1280000)
  from space 2560K, 0% used [0x00000007b1280000,0x00000007b1280000,0x00000007b1500000)
  to   space 2560K, 0% used [0x00000007b2d00000,0x00000007b2d00000,0x00000007b2f80000)
 ParOldGen       total 128512K, used 19057K [0x0000000780000000, 0x0000000787d80000, 0x00000007aab00000)
  object space 128512K, 14% used [0x0000000780000000,0x000000078129c5e8,0x0000000787d80000)
 Metaspace       used 10658K, capacity 10833K, committed 11008K, reserved 1058816K
  class space    used 1127K, capacity 1211K, committed 1280K, reserved 1048576K
Event: 14749.806 GC heap after
Heap after GC invocations=14 (full 4):
 PSYoungGen      total 133120K, used 320K [0x00000007aab00000, 0x00000007b3080000, 0x00000007c0000000)
  eden space 130560K, 0% used [0x00000007aab00000,0x00000007aab00000,0x00000007b2a80000)
  from space 2560K, 12% used [0x00000007b2d00000,0x00000007b2d50000,0x00000007b2f80000)
  to   space 2560K, 0% used [0x00000007b2a80000,0x00000007b2a80000,0x00000007b2d00000)
 ParOldGen       total 128512K, used 33333K [0x0000000780000000, 0x0000000787d80000, 0x00000007aab00000)
  object space 128512K, 25% used [0x0000000780000000,0x000000078208d618,0x0000000787d80000)
 Metaspace       used 10658K, capacity 10833K, committed 11008K, reserved 1058816K
  class space    used 1127K, capacity 1211K, committed 1280K, reserved 1048576K
}

Deoptimization events (10 events):
Event: 1.382 Thread 0x00007ff04980e000 Uncommon trap: reason=unstable_if action=reinterpret pc=0x0000000105b4c690 method=sun.awt.image.ByteInterleavedRaster.putByteData(IIII[B)V @ 395
Event: 1.395 Thread 0x00007ff04980e000 Uncommon trap: reason=unstable_if action=reinterpret pc=0x0000000105b71d48 method=java.awt.image.ComponentColorModel.getAlpha(Ljava/lang/Object;)I @ 4
Event: 1.395 Thread 0x00007ff04980e000 Uncommon trap: reason=unstable_if action=reinterpret pc=0x0000000105b72c9c method=java.awt.image.ComponentColorModel.extractComponent(Ljava/lang/Object;II)I @ 4
Event: 1.395 Thread 0x00007ff04980e000 Uncommon trap: reason=unstable_if action=reinterpret pc=0x0000000105b73680 method=java.awt.image.ComponentColorModel.getAlpha(Ljava/lang/Object;)I @ 4
Event: 1.422 Thread 0x00007ff04980e000 Uncommon trap: reason=unstable_if action=reinterpret pc=0x0000000105b7dcd4 method=java.awt.image.ComponentColorModel.getAlpha(Ljava/lang/Object;)I @ 4
Event: 1.904 Thread 0x00007ff04980e000 Uncommon trap: reason=unstable_if action=reinterpret pc=0x0000000105bf96b4 method=org.newdawn.slick.opengl.ImageIOImageData.imageToByteBuffer(Ljava/awt/image/BufferedImage;ZZ[I)Ljava/nio/ByteBuffer; @ 398
Event: 11779.458 Thread 0x00007ff04980e000 Uncommon trap: reason=unstable_if action=reinterpret pc=0x0000000105d15720 method=org.lwjgl.opengl.Sync$RunningAvg.dampenForLowResTicker()V @ 8
Event: 23932.399 Thread 0x00007ff04980e000 Uncommon trap: reason=unstable_if action=reinterpret pc=0x0000000105d2ff00 method=org.newdawn.slick.Input.poll(II)V @ 41
Event: 23932.400 Thread 0x00007ff04980e000 Uncommon trap: reason=unstable_if action=reinterpret pc=0x0000000105d24a2c method=org.newdawn.slick.GameContainer.updateAndRender(I)V @ 236
Event: 23934.709 Thread 0x00007ff04980e000 Uncommon trap: reason=unstable_if action=reinterpret pc=0x0000000105d26af8 method=org.newdawn.slick.AppGameContainer.gameLoop()V @ 60

Internal exceptions (10 events):
Event: 0.182 Thread 0x00007ff04980e000 Exception <a 'java/security/PrivilegedActionException'> (0x00000007aadb86f8) thrown at [/Users/java_re/workspace/8-2-build-macosx-x86_64/jdk8u45/3457/hotspot/src/share/vm/prims/jvm.cpp, line 1382]
Event: 0.182 Thread 0x00007ff04980e000 Exception <a 'java/security/PrivilegedActionException'> (0x00000007aadbba78) thrown at [/Users/java_re/workspace/8-2-build-macosx-x86_64/jdk8u45/3457/hotspot/src/share/vm/prims/jvm.cpp, line 1382]
Event: 0.182 Thread 0x00007ff04980e000 Exception <a 'java/security/PrivilegedActionException'> (0x00000007aadbbc30) thrown at [/Users/java_re/workspace/8-2-build-macosx-x86_64/jdk8u45/3457/hotspot/src/share/vm/prims/jvm.cpp, line 1382]
Event: 0.354 Thread 0x00007ff04980e000 Exception <a 'java/io/FileNotFoundException'> (0x00000007aadc0d28) thrown at [/Users/java_re/workspace/8-2-build-macosx-x86_64/jdk8u45/3457/hotspot/src/share/vm/prims/jni.cpp, line 709]
Event: 0.354 Thread 0x00007ff04980e000 Exception <a 'java/io/FileNotFoundException'> (0x00000007aadc1848) thrown at [/Users/java_re/workspace/8-2-build-macosx-x86_64/jdk8u45/3457/hotspot/src/share/vm/prims/jni.cpp, line 709]
Event: 0.433 Thread 0x00007ff04a07f800 Exception <a 'java/lang/NoSuchFieldError': method resolution failed> (0x00000007aaface10) thrown at [/Users/java_re/workspace/8-2-build-macosx-x86_64/jdk8u45/3457/hotspot/src/share/vm/prims/methodHandles.cpp, line 1125]
Event: 0.436 Thread 0x00007ff04a07f800 Exception <a 'java/lang/NoSuchFieldError': method resolution failed> (0x00000007aafbb4b0) thrown at [/Users/java_re/workspace/8-2-build-macosx-x86_64/jdk8u45/3457/hotspot/src/share/vm/prims/methodHandles.cpp, line 1125]
Event: 0.729 Thread 0x00007ff04980e000 Exception <a 'java/lang/NoClassDefFoundError': net/java/games/input/ControllerEnvironment> (0x00000007ab379298) thrown at [/Users/java_re/workspace/8-2-build-macosx-x86_64/jdk8u45/3457/hotspot/src/share/vm/classfile/systemDictionary.cpp, line 199]
Event: 1.297 Thread 0x00007ff04980e000 Implicit null exception at 0x0000000105b90ce6 to 0x0000000105b912b5
Event: 1.298 Thread 0x00007ff04980e000 Implicit null exception at 0x0000000105b72364 to 0x0000000105b72591

Events (10 events):
Event: 23931.816 Thread 0x00007ff0499bd800 Thread added: 0x00007ff0499bd800
Event: 23932.399 Thread 0x00007ff04980e000 Uncommon trap: trap_request=0xffffff65 fr.pc=0x0000000105d2ff00
Event: 23932.399 Thread 0x00007ff04980e000 DEOPT PACKING pc=0x0000000105d2ff00 sp=0x00000001059007c0
Event: 23932.399 Thread 0x00007ff04980e000 DEOPT UNPACKING pc=0x0000000105908229 sp=0x0000000105900788 mode 2
Event: 23932.400 Thread 0x00007ff04980e000 Uncommon trap: trap_request=0xffffff65 fr.pc=0x0000000105d24a2c
Event: 23932.400 Thread 0x00007ff04980e000 DEOPT PACKING pc=0x0000000105d24a2c sp=0x0000000105900830
Event: 23932.400 Thread 0x00007ff04980e000 DEOPT UNPACKING pc=0x0000000105908229 sp=0x0000000105900800 mode 2
Event: 23934.709 Thread 0x00007ff04980e000 Uncommon trap: trap_request=0xffffff65 fr.pc=0x0000000105d26af8
Event: 23934.709 Thread 0x00007ff04980e000 DEOPT PACKING pc=0x0000000105d26af8 sp=0x0000000105900890
Event: 23934.709 Thread 0x00007ff04980e000 DEOPT UNPACKING pc=0x0000000105908229 sp=0x0000000105900808 mode 2


Dynamic libraries:
0x0000000005fb9000 	/System/Library/Frameworks/Cocoa.framework/Versions/A/Cocoa
0x0000000005fb9000 	/System/Library/Frameworks/Security.framework/Versions/A/Security
0x0000000005fb9000 	/System/Library/Frameworks/ApplicationServices.framework/Versions/A/ApplicationServices
0x0000000005fb9000 	/usr/lib/libz.1.dylib
0x0000000005fb9000 	/usr/lib/libSystem.B.dylib
0x0000000005fb9000 	/usr/lib/libobjc.A.dylib
0x0000000005fb9000 	/System/Library/Frameworks/CoreFoundation.framework/Versions/A/CoreFoundation
0x0000000005fb9000 	/System/Library/Frameworks/Foundation.framework/Versions/C/Foundation
0x0000000005fb9000 	/System/Library/Frameworks/AppKit.framework/Versions/C/AppKit
0x0000000005fb9000 	/System/Library/Frameworks/CoreData.framework/Versions/A/CoreData
0x0000000005fb9000 	/System/Library/PrivateFrameworks/RemoteViewServices.framework/Versions/A/RemoteViewServices
0x0000000005fb9000 	/System/Library/PrivateFrameworks/UIFoundation.framework/Versions/A/UIFoundation
0x0000000005fb9000 	/System/Library/Frameworks/IOSurface.framework/Versions/A/IOSurface
0x0000000005fb9000 	/System/Library/Frameworks/AudioToolbox.framework/Versions/A/AudioToolbox
0x0000000005fb9000 	/System/Library/Frameworks/AudioUnit.framework/Versions/A/AudioUnit
0x0000000005fb9000 	/System/Library/PrivateFrameworks/DataDetectorsCore.framework/Versions/A/DataDetectorsCore
0x0000000005fb9000 	/System/Library/PrivateFrameworks/DesktopServicesPriv.framework/Versions/A/DesktopServicesPriv
0x0000000005fb9000 	/System/Library/Frameworks/Carbon.framework/Versions/A/Frameworks/HIToolbox.framework/Versions/A/HIToolbox
0x0000000005fb9000 	/System/Library/Frameworks/QuartzCore.framework/Versions/A/QuartzCore
0x0000000005fb9000 	/System/Library/Frameworks/Carbon.framework/Versions/A/Frameworks/SpeechRecognition.framework/Versions/A/SpeechRecognition
0x0000000005fb9000 	/usr/lib/libauto.dylib
0x0000000005fb9000 	/usr/lib/libicucore.A.dylib
0x0000000005fb9000 	/usr/lib/libxml2.2.dylib
0x0000000005fb9000 	/System/Library/PrivateFrameworks/CoreUI.framework/Versions/A/CoreUI
0x0000000005fb9000 	/System/Library/Frameworks/CoreAudio.framework/Versions/A/CoreAudio
0x0000000005fb9000 	/System/Library/Frameworks/DiskArbitration.framework/Versions/A/DiskArbitration
0x0000000005fb9000 	/usr/lib/liblangid.dylib
0x0000000005fb9000 	/System/Library/PrivateFrameworks/MultitouchSupport.framework/Versions/A/MultitouchSupport
0x0000000005fb9000 	/System/Library/Frameworks/IOKit.framework/Versions/A/IOKit
0x0000000005fb9000 	/usr/lib/libDiagnosticMessagesClient.dylib
0x0000000005fb9000 	/System/Library/Frameworks/CoreServices.framework/Versions/A/CoreServices
0x0000000005fb9000 	/System/Library/PrivateFrameworks/PerformanceAnalysis.framework/Versions/A/PerformanceAnalysis
0x0000000005fb9000 	/System/Library/PrivateFrameworks/GenerationalStorage.framework/Versions/A/GenerationalStorage
0x0000000005fb9000 	/System/Library/Frameworks/OpenGL.framework/Versions/A/OpenGL
0x0000000005fb9000 	/System/Library/PrivateFrameworks/Sharing.framework/Versions/A/Sharing
0x0000000005fb9000 	/System/Library/Frameworks/CoreGraphics.framework/Versions/A/CoreGraphics
0x0000000005fb9000 	/System/Library/Frameworks/CoreText.framework/Versions/A/CoreText
0x0000000005fb9000 	/System/Library/Frameworks/ImageIO.framework/Versions/A/ImageIO
0x0000000005fb9000 	/usr/lib/libextension.dylib
0x0000000005fb9000 	/System/Library/PrivateFrameworks/Backup.framework/Versions/A/Backup
0x0000000005fb9000 	/usr/lib/libarchive.2.dylib
0x0000000005fb9000 	/System/Library/Frameworks/CFNetwork.framework/Versions/A/CFNetwork
0x0000000005fb9000 	/System/Library/Frameworks/SystemConfiguration.framework/Versions/A/SystemConfiguration
0x0000000005fb9000 	/usr/lib/libCRFSuite.dylib
0x0000000005fb9000 	/usr/lib/libc++.1.dylib
0x0000000005fb9000 	/usr/lib/libc++abi.dylib
0x0000000005fb9000 	/usr/lib/system/libcache.dylib
0x0000000005fb9000 	/usr/lib/system/libcommonCrypto.dylib
0x0000000005fb9000 	/usr/lib/system/libcompiler_rt.dylib
0x0000000005fb9000 	/usr/lib/system/libcopyfile.dylib
0x0000000005fb9000 	/usr/lib/system/libcorecrypto.dylib
0x0000000005fb9000 	/usr/lib/system/libdispatch.dylib
0x0000000005fb9000 	/usr/lib/system/libdyld.dylib
0x0000000005fb9000 	/usr/lib/system/libkeymgr.dylib
0x0000000005fb9000 	/usr/lib/system/liblaunch.dylib
0x0000000005fb9000 	/usr/lib/system/libmacho.dylib
0x0000000005fb9000 	/usr/lib/system/libquarantine.dylib
0x0000000005fb9000 	/usr/lib/system/libremovefile.dylib
0x0000000005fb9000 	/usr/lib/system/libsystem_asl.dylib
0x0000000005fb9000 	/usr/lib/system/libsystem_blocks.dylib
0x0000000005fb9000 	/usr/lib/system/libsystem_c.dylib
0x0000000005fb9000 	/usr/lib/system/libsystem_configuration.dylib
0x0000000005fb9000 	/usr/lib/system/libsystem_coreservices.dylib
0x0000000005fb9000 	/usr/lib/system/libsystem_coretls.dylib
0x0000000005fb9000 	/usr/lib/system/libsystem_dnssd.dylib
0x0000000005fb9000 	/usr/lib/system/libsystem_info.dylib
0x0000000005fb9000 	/usr/lib/system/libsystem_kernel.dylib
0x0000000005fb9000 	/usr/lib/system/libsystem_m.dylib
0x0000000005fb9000 	/usr/lib/system/libsystem_malloc.dylib
0x0000000005fb9000 	/usr/lib/system/libsystem_network.dylib
0x0000000005fb9000 	/usr/lib/system/libsystem_networkextension.dylib
0x0000000005fb9000 	/usr/lib/system/libsystem_notify.dylib
0x0000000005fb9000 	/usr/lib/system/libsystem_platform.dylib
0x0000000005fb9000 	/usr/lib/system/libsystem_pthread.dylib
0x0000000005fb9000 	/usr/lib/system/libsystem_sandbox.dylib
0x0000000005fb9000 	/usr/lib/system/libsystem_secinit.dylib
0x0000000005fb9000 	/usr/lib/system/libsystem_stats.dylib
0x0000000005fb9000 	/usr/lib/system/libsystem_trace.dylib
0x0000000005fb9000 	/usr/lib/system/libunc.dylib
0x0000000005fb9000 	/usr/lib/system/libunwind.dylib
0x0000000005fb9000 	/usr/lib/system/libxpc.dylib
0x0000000005fb9000 	/usr/lib/libbz2.1.0.dylib
0x0000000005fb9000 	/usr/lib/liblzma.5.dylib
0x0000000005fb9000 	/usr/lib/libbsm.0.dylib
0x0000000005fb9000 	/usr/lib/libsqlite3.dylib
0x0000000005fb9000 	/usr/lib/system/libkxld.dylib
0x0000000005fb9000 	/usr/lib/libxar.1.dylib
0x0000000005fb9000 	/usr/lib/libpam.2.dylib
0x0000000005fb9000 	/usr/lib/libOpenScriptingUtil.dylib
0x0000000005fb9000 	/System/Library/Frameworks/CoreServices.framework/Versions/A/Frameworks/FSEvents.framework/Versions/A/FSEvents
0x0000000005fb9000 	/System/Library/Frameworks/CoreServices.framework/Versions/A/Frameworks/CarbonCore.framework/Versions/A/CarbonCore
0x0000000005fb9000 	/System/Library/Frameworks/CoreServices.framework/Versions/A/Frameworks/Metadata.framework/Versions/A/Metadata
0x0000000005fb9000 	/System/Library/Frameworks/CoreServices.framework/Versions/A/Frameworks/OSServices.framework/Versions/A/OSServices
0x0000000005fb9000 	/System/Library/Frameworks/CoreServices.framework/Versions/A/Frameworks/SearchKit.framework/Versions/A/SearchKit
0x0000000005fb9000 	/System/Library/Frameworks/CoreServices.framework/Versions/A/Frameworks/AE.framework/Versions/A/AE
0x0000000005fb9000 	/System/Library/Frameworks/CoreServices.framework/Versions/A/Frameworks/LaunchServices.framework/Versions/A/LaunchServices
0x0000000005fb9000 	/System/Library/Frameworks/CoreServices.framework/Versions/A/Frameworks/DictionaryServices.framework/Versions/A/DictionaryServices
0x0000000005fb9000 	/System/Library/Frameworks/NetFS.framework/Versions/A/NetFS
0x0000000005fb9000 	/System/Library/PrivateFrameworks/NetAuth.framework/Versions/A/NetAuth
0x0000000005fb9000 	/System/Library/PrivateFrameworks/login.framework/Versions/A/Frameworks/loginsupport.framework/Versions/A/loginsupport
0x0000000005fb9000 	/System/Library/PrivateFrameworks/TCC.framework/Versions/A/TCC
0x0000000005fb9000 	/usr/lib/libmecabra.dylib
0x0000000005fb9000 	/System/Library/Frameworks/ApplicationServices.framework/Versions/A/Frameworks/ATS.framework/Versions/A/ATS
0x0000000005fb9000 	/System/Library/Frameworks/ApplicationServices.framework/Versions/A/Frameworks/ColorSync.framework/Versions/A/ColorSync
0x0000000005fb9000 	/System/Library/Frameworks/ApplicationServices.framework/Versions/A/Frameworks/HIServices.framework/Versions/A/HIServices
0x0000000005fb9000 	/System/Library/Frameworks/ApplicationServices.framework/Versions/A/Frameworks/LangAnalysis.framework/Versions/A/LangAnalysis
0x0000000005fb9000 	/System/Library/Frameworks/ApplicationServices.framework/Versions/A/Frameworks/PrintCore.framework/Versions/A/PrintCore
0x0000000005fb9000 	/System/Library/Frameworks/ApplicationServices.framework/Versions/A/Frameworks/QD.framework/Versions/A/QD
0x0000000005fb9000 	/System/Library/Frameworks/ApplicationServices.framework/Versions/A/Frameworks/SpeechSynthesis.framework/Versions/A/SpeechSynthesis
0x0000000005fb9000 	/System/Library/Frameworks/Accelerate.framework/Versions/A/Accelerate
0x0000000005fb9000 	/System/Library/Frameworks/Accelerate.framework/Versions/A/Frameworks/vImage.framework/Versions/A/vImage
0x0000000005fb9000 	/System/Library/Frameworks/Accelerate.framework/Versions/A/Frameworks/vecLib.framework/Versions/A/vecLib
0x0000000005fb9000 	/System/Library/Frameworks/Accelerate.framework/Versions/A/Frameworks/vecLib.framework/Versions/A/libvDSP.dylib
0x0000000005fb9000 	/System/Library/Frameworks/Accelerate.framework/Versions/A/Frameworks/vecLib.framework/Versions/A/libvMisc.dylib
0x0000000005fb9000 	/System/Library/Frameworks/Accelerate.framework/Versions/A/Frameworks/vecLib.framework/Versions/A/libLAPACK.dylib
0x0000000005fb9000 	/System/Library/Frameworks/Accelerate.framework/Versions/A/Frameworks/vecLib.framework/Versions/A/libBLAS.dylib
0x0000000005fb9000 	/System/Library/Frameworks/Accelerate.framework/Versions/A/Frameworks/vecLib.framework/Versions/A/libLinearAlgebra.dylib
0x0000000005fb9000 	/System/Library/Frameworks/ApplicationServices.framework/Versions/A/Frameworks/ATS.framework/Versions/A/Resources/libFontParser.dylib
0x0000000005fb9000 	/System/Library/Frameworks/ApplicationServices.framework/Versions/A/Frameworks/ATS.framework/Versions/A/Resources/libFontRegistry.dylib
0x0000000005fb9000 	/System/Library/PrivateFrameworks/AppleVPA.framework/Versions/A/AppleVPA
0x0000000005fb9000 	/System/Library/PrivateFrameworks/AppleJPEG.framework/Versions/A/AppleJPEG
0x0000000005fb9000 	/System/Library/Frameworks/ImageIO.framework/Versions/A/Resources/libJPEG.dylib
0x0000000005fb9000 	/System/Library/Frameworks/ImageIO.framework/Versions/A/Resources/libTIFF.dylib
0x0000000005fb9000 	/System/Library/Frameworks/ImageIO.framework/Versions/A/Resources/libPng.dylib
0x0000000005fb9000 	/System/Library/Frameworks/ImageIO.framework/Versions/A/Resources/libGIF.dylib
0x0000000005fb9000 	/System/Library/Frameworks/ImageIO.framework/Versions/A/Resources/libJP2.dylib
0x0000000005fb9000 	/System/Library/Frameworks/ImageIO.framework/Versions/A/Resources/libRadiance.dylib
0x0000000005fb9000 	/System/Library/Frameworks/CoreVideo.framework/Versions/A/CoreVideo
0x0000000005fb9000 	/System/Library/Frameworks/OpenGL.framework/Versions/A/Libraries/libGLU.dylib
0x0000000005fb9000 	/System/Library/Frameworks/OpenGL.framework/Versions/A/Libraries/libGFXShared.dylib
0x0000000005fb9000 	/System/Library/Frameworks/OpenGL.framework/Versions/A/Libraries/libGL.dylib
0x0000000005fb9000 	/System/Library/Frameworks/OpenGL.framework/Versions/A/Libraries/libGLImage.dylib
0x0000000005fb9000 	/System/Library/Frameworks/OpenGL.framework/Versions/A/Libraries/libCVMSPluginSupport.dylib
0x0000000005fb9000 	/System/Library/Frameworks/OpenGL.framework/Versions/A/Libraries/libCoreVMClient.dylib
0x0000000005fb9000 	/usr/lib/libcups.2.dylib
0x0000000005fb9000 	/System/Library/Frameworks/Kerberos.framework/Versions/A/Kerberos
0x0000000005fb9000 	/System/Library/Frameworks/GSS.framework/Versions/A/GSS
0x0000000005fb9000 	/usr/lib/libresolv.9.dylib
0x0000000005fb9000 	/usr/lib/libiconv.2.dylib
0x0000000005fb9000 	/System/Library/PrivateFrameworks/Heimdal.framework/Versions/A/Heimdal
0x0000000005fb9000 	/usr/lib/libheimdal-asn1.dylib
0x0000000005fb9000 	/System/Library/Frameworks/OpenDirectory.framework/Versions/A/OpenDirectory
0x0000000005fb9000 	/System/Library/PrivateFrameworks/CommonAuth.framework/Versions/A/CommonAuth
0x0000000005fb9000 	/System/Library/Frameworks/OpenDirectory.framework/Versions/A/Frameworks/CFOpenDirectory.framework/Versions/A/CFOpenDirectory
0x0000000005fb9000 	/System/Library/Frameworks/SecurityFoundation.framework/Versions/A/SecurityFoundation
0x0000000005fb9000 	/System/Library/PrivateFrameworks/LanguageModeling.framework/Versions/A/LanguageModeling
0x0000000005fb9000 	/usr/lib/libcmph.dylib
0x0000000005fb9000 	/System/Library/Frameworks/ServiceManagement.framework/Versions/A/ServiceManagement
0x0000000005fb9000 	/usr/lib/libxslt.1.dylib
0x0000000005fb9000 	/System/Library/Frameworks/Carbon.framework/Versions/A/Frameworks/Ink.framework/Versions/A/Ink
0x0000000005fb9000 	/System/Library/Frameworks/QuartzCore.framework/Versions/A/Frameworks/CoreImage.framework/Versions/A/CoreImage
0x0000000005fb9000 	/System/Library/PrivateFrameworks/CrashReporterSupport.framework/Versions/A/CrashReporterSupport
0x0000000005fb9000 	/System/Library/Frameworks/OpenCL.framework/Versions/A/OpenCL
0x0000000005fb9000 	/System/Library/PrivateFrameworks/FaceCore.framework/Versions/A/FaceCore
0x0000000005fb9000 	/System/Library/PrivateFrameworks/Ubiquity.framework/Versions/A/Ubiquity
0x0000000005fb9000 	/System/Library/PrivateFrameworks/IconServices.framework/Versions/A/IconServices
0x0000000005fb9000 	/System/Library/PrivateFrameworks/ChunkingLibrary.framework/Versions/A/ChunkingLibrary
0x0000000005fb9000 	/System/Library/PrivateFrameworks/Apple80211.framework/Versions/A/Apple80211
0x0000000005fb9000 	/System/Library/Frameworks/CoreWLAN.framework/Versions/A/CoreWLAN
0x0000000005fb9000 	/System/Library/Frameworks/IOBluetooth.framework/Versions/A/IOBluetooth
0x0000000005fb9000 	/System/Library/PrivateFrameworks/CoreWiFi.framework/Versions/A/CoreWiFi
0x0000000005fb9000 	/System/Library/Frameworks/CoreBluetooth.framework/Versions/A/CoreBluetooth
0x0000000005fb9000 	/System/Library/PrivateFrameworks/DebugSymbols.framework/Versions/A/DebugSymbols
0x0000000005fb9000 	/System/Library/PrivateFrameworks/CoreSymbolication.framework/Versions/A/CoreSymbolication
0x0000000005fb9000 	/System/Library/PrivateFrameworks/Symbolication.framework/Versions/A/Symbolication
0x0000000005fb9000 	/System/Library/PrivateFrameworks/SpeechRecognitionCore.framework/Versions/A/SpeechRecognitionCore
0x0000000104028000 	/Library/Java/JavaVirtualMachines/jdk1.8.0_45.jdk/Contents/Home/jre/lib/server/libjvm.dylib
0x0000000005fb9000 	/usr/lib/libstdc++.6.dylib
0x0000000104fa8000 	/Library/Java/JavaVirtualMachines/jdk1.8.0_45.jdk/Contents/Home/jre/lib/libverify.dylib
0x0000000104fb6000 	/Library/Java/JavaVirtualMachines/jdk1.8.0_45.jdk/Contents/Home/jre/lib/libjava.dylib
0x0000000104ff5000 	/Library/Java/JavaVirtualMachines/jdk1.8.0_45.jdk/Contents/Home/jre/lib/libzip.dylib
0x0000000119411000 	/System/Library/Frameworks/JavaVM.framework/Frameworks/JavaRuntimeSupport.framework/JavaRuntimeSupport
0x0000000119429000 	/System/Library/Frameworks/JavaVM.framework/Versions/A/Frameworks/JavaNativeFoundation.framework/Versions/A/JavaNativeFoundation
0x000000011943e000 	/System/Library/Frameworks/JavaVM.framework/Versions/A/JavaVM
0x0000000005fb9000 	/System/Library/Frameworks/Carbon.framework/Versions/A/Carbon
0x000000011944b000 	/System/Library/PrivateFrameworks/JavaLaunching.framework/Versions/A/JavaLaunching
0x0000000005fb9000 	/System/Library/Frameworks/Carbon.framework/Versions/A/Frameworks/CommonPanels.framework/Versions/A/CommonPanels
0x0000000005fb9000 	/System/Library/Frameworks/Carbon.framework/Versions/A/Frameworks/Help.framework/Versions/A/Help
0x0000000005fb9000 	/System/Library/Frameworks/Carbon.framework/Versions/A/Frameworks/ImageCapture.framework/Versions/A/ImageCapture
0x0000000005fb9000 	/System/Library/Frameworks/Carbon.framework/Versions/A/Frameworks/OpenScripting.framework/Versions/A/OpenScripting
0x0000000005fb9000 	/System/Library/Frameworks/Carbon.framework/Versions/A/Frameworks/Print.framework/Versions/A/Print
0x0000000005fb9000 	/System/Library/Frameworks/Carbon.framework/Versions/A/Frameworks/SecurityHI.framework/Versions/A/SecurityHI
0x000000011b2bf000 	/Library/Java/JavaVirtualMachines/jdk1.8.0_45.jdk/Contents/Home/jre/lib/libawt.dylib
0x000000011b367000 	/Library/Java/JavaVirtualMachines/jdk1.8.0_45.jdk/Contents/Home/jre/lib/./libmlib_image.dylib
0x000000011b433000 	/Library/Java/JavaVirtualMachines/jdk1.8.0_45.jdk/Contents/Home/jre/lib/libawt_lwawt.dylib
0x000000011b4e7000 	/Library/Java/JavaVirtualMachines/jdk1.8.0_45.jdk/Contents/Home/jre/lib/./libosxapp.dylib
0x0000000005fb9000 	/System/Library/Frameworks/ExceptionHandling.framework/Versions/A/ExceptionHandling
0x0000000005fb9000 	/System/Library/PrivateFrameworks/CoreServicesInternal.framework/Versions/A/CoreServicesInternal
0x0000000005fb9000 	/System/Library/PrivateFrameworks/CloudDocs.framework/Versions/A/CloudDocs
0x0000000005fb9000 	/System/Library/PrivateFrameworks/CoreDuet.framework/Versions/A/CoreDuet
0x0000000005fb9000 	/System/Library/Frameworks/CloudKit.framework/Versions/A/CloudKit
0x0000000005fb9000 	/System/Library/PrivateFrameworks/ProtocolBuffer.framework/Versions/A/ProtocolBuffer
0x0000000005fb9000 	/System/Library/PrivateFrameworks/CoreDuetDaemonProtocol.framework/Versions/A/CoreDuetDaemonProtocol
0x0000000005fb9000 	/System/Library/PrivateFrameworks/CoreDuetDebugLogging.framework/Versions/A/CoreDuetDebugLogging
0x0000000005fb9000 	/System/Library/Frameworks/CoreLocation.framework/Versions/A/CoreLocation
0x0000000005fb9000 	/System/Library/Frameworks/Accounts.framework/Versions/A/Accounts
0x0000000005fb9000 	/System/Library/PrivateFrameworks/ApplePushService.framework/Versions/A/ApplePushService
0x0000000005fb9000 	/System/Library/PrivateFrameworks/GeoServices.framework/Versions/A/GeoServices
0x0000000005fb9000 	/System/Library/PrivateFrameworks/OAuth.framework/Versions/A/OAuth
0x0000000005fb9000 	/System/Library/PrivateFrameworks/CoreDaemon.framework/Versions/B/CoreDaemon
0x0000000005fb9000 	/usr/lib/libcrypto.0.9.8.dylib
0x0000000005fb9000 	/System/Library/PrivateFrameworks/AppleSRP.framework/Versions/A/AppleSRP
0x0000000005fb9000 	/System/Library/PrivateFrameworks/TrustEvaluationAgent.framework/Versions/A/TrustEvaluationAgent
0x0000000005fb9000 	/System/Library/Frameworks/CoreGraphics.framework/Versions/A/Resources/libCGCMS.A.dylib
0x0000000005fb9000 	/System/Library/Frameworks/CoreGraphics.framework/Versions/A/Resources/libRIP.A.dylib
0x0000000005fb9000 	/System/Library/Frameworks/CoreGraphics.framework/Versions/A/Resources/libCGXType.A.dylib
0x0000000005fb9000 	/System/Library/Frameworks/OpenCL.framework/Versions/A/Libraries/libcldcpuengine.dylib
0x0000000005fb9000 	/System/Library/PrivateFrameworks/DiskImages.framework/Versions/A/DiskImages
0x0000000005fb9000 	/System/Library/Frameworks/DiscRecording.framework/Versions/A/DiscRecording
0x0000000005fb9000 	/usr/lib/libcsfde.dylib
0x0000000005fb9000 	/usr/lib/libcurl.4.dylib
0x0000000005fb9000 	/System/Library/PrivateFrameworks/MediaKit.framework/Versions/A/MediaKit
0x0000000005fb9000 	/System/Library/PrivateFrameworks/ProtectedCloudStorage.framework/Versions/A/ProtectedCloudStorage
0x0000000005fb9000 	/usr/lib/libCoreStorage.dylib
0x0000000005fb9000 	/System/Library/PrivateFrameworks/EFILogin.framework/Versions/A/EFILogin
0x0000000005fb9000 	/usr/lib/libutil.dylib
0x0000000005fb9000 	/System/Library/PrivateFrameworks/FindMyDevice.framework/Versions/A/FindMyDevice
0x0000000005fb9000 	/System/Library/Frameworks/LDAP.framework/Versions/A/LDAP
0x0000000005fb9000 	/usr/lib/libsasl2.2.dylib
0x000000011df7e000 	cl_kernels
0x000000011df80000 	/System/Library/Frameworks/OpenCL.framework/Versions/A/Libraries/ImageFormats/unorm8_bgra.dylib
0x000000011df6f000 	cl_kernels
0x0000000005fb9000 	/System/Library/PrivateFrameworks/FamilyControls.framework/Versions/A/FamilyControls
0x0000000005fb9000 	/System/Library/PrivateFrameworks/CommerceKit.framework/Versions/A/Frameworks/CommerceCore.framework/Versions/A/CommerceCore
0x0000000005fb9000 	/System/Library/PrivateFrameworks/SystemAdministration.framework/Versions/A/SystemAdministration
0x0000000005fb9000 	/System/Library/PrivateFrameworks/AppContainer.framework/Versions/A/AppContainer
0x0000000005fb9000 	/System/Library/PrivateFrameworks/SecCodeWrapper.framework/Versions/A/SecCodeWrapper
0x0000000005fb9000 	/System/Library/Frameworks/DirectoryService.framework/Versions/A/DirectoryService
0x0000000005fb9000 	/System/Library/PrivateFrameworks/LoginUIKit.framework/Versions/A/Frameworks/LoginUICore.framework/Versions/A/LoginUICore
0x0000000005fb9000 	/usr/lib/libodfde.dylib
0x000000011f1c9000 	/Library/Java/JavaVirtualMachines/jdk1.8.0_45.jdk/Contents/Home/jre/lib/libfontmanager.dylib
0x000000011f230000 	/Users/Brian/git/project02_team02/lib/lwjgl-2.9.3/native/macosx/liblwjgl.dylib
0x000000011d4b3000 	/Library/Java/JavaVirtualMachines/jdk1.8.0_45.jdk/Contents/Home/jre/lib/libjawt.dylib
0x0000000005fb9000 	/System/Library/Frameworks/OpenGL.framework/Versions/A/Resources/GLEngine.bundle/GLEngine
0x0000000005fb9000 	/System/Library/Frameworks/OpenGL.framework/Versions/A/Libraries/libGLProgrammability.dylib
0x0000000000000000 	/System/Library/Extensions/AppleIntelHD5000GraphicsGLDriver.bundle/Contents/MacOS/AppleIntelHD5000GraphicsGLDriver
0x0000000005fb9000 	/System/Library/PrivateFrameworks/IOAccelerator.framework/Versions/A/IOAccelerator
0x0000000005fb9000 	/System/Library/PrivateFrameworks/GPUSupport.framework/Versions/A/Libraries/libGPUSupportMercury.dylib
0x0000000005fb9000 	/System/Library/Frameworks/OpenGL.framework/Versions/A/Resources/GLRendererFloat.bundle/GLRendererFloat
0x0000000120450000 	/Library/Java/JavaVirtualMachines/jdk1.8.0_45.jdk/Contents/Home/jre/lib/libnio.dylib
0x0000000120460000 	/Library/Java/JavaVirtualMachines/jdk1.8.0_45.jdk/Contents/Home/jre/lib/./libnet.dylib
0x000000012057f000 	/Library/Java/JavaVirtualMachines/jdk1.8.0_45.jdk/Contents/Home/jre/lib/libjpeg.dylib
0x000000011954c000 	cl_kernels

VM Arguments:
jvm_args: -Djava.library.path=/Users/Brian/git/project02_team02/lib/lwjgl-2.9.3/native/macosx -Dfile.encoding=UTF-8 
java_command: game_logic.Game
java_class_path (initial): /Users/Brian/git/project02_team02/bin:/Users/Brian/git/project02_team02/lib/old/jars/lwjgl.jar:/Users/Brian/git/project02_team02/lib/old/jars/slick.jar
Launcher Type: SUN_STANDARD

Environment Variables:
PATH=/usr/bin:/bin:/usr/sbin:/sbin
SHELL=/bin/bash

Signal Handlers:
SIGSEGV: [libjvm.dylib+0x58ef95], sa_mask[0]=11111111011111110111111111111111, sa_flags=SA_ONSTACK|SA_RESTART|SA_SIGINFO
SIGBUS: [libjvm.dylib+0x58ef95], sa_mask[0]=11111111011111110111111111111111, sa_flags=SA_RESTART|SA_SIGINFO
SIGFPE: [libjvm.dylib+0x46c108], sa_mask[0]=11111111011111110111111111111111, sa_flags=SA_RESTART|SA_SIGINFO
SIGPIPE: [libjvm.dylib+0x46c108], sa_mask[0]=11111111011111110111111111111111, sa_flags=SA_RESTART|SA_SIGINFO
SIGXFSZ: [libjvm.dylib+0x46c108], sa_mask[0]=11111111011111110111111111111111, sa_flags=SA_RESTART|SA_SIGINFO
SIGILL: [libjvm.dylib+0x46c108], sa_mask[0]=11111111011111110111111111111111, sa_flags=SA_RESTART|SA_SIGINFO
SIGUSR1: SIG_DFL, sa_mask[0]=00000000000000000000000000000000, sa_flags=none
SIGUSR2: [libjvm.dylib+0x46bc26], sa_mask[0]=00100000000000000000000000000000, sa_flags=SA_RESTART|SA_SIGINFO
SIGHUP: [libjvm.dylib+0x46a1f9], sa_mask[0]=11111111011111110111111111111111, sa_flags=SA_RESTART|SA_SIGINFO
SIGINT: [libjvm.dylib+0x46a1f9], sa_mask[0]=11111111011111110111111111111111, sa_flags=SA_RESTART|SA_SIGINFO
SIGTERM: [libjvm.dylib+0x46a1f9], sa_mask[0]=11111111011111110111111111111111, sa_flags=SA_RESTART|SA_SIGINFO
SIGQUIT: [libjvm.dylib+0x46a1f9], sa_mask[0]=11111111011111110111111111111111, sa_flags=SA_RESTART|SA_SIGINFO


---------------  S Y S T E M  ---------------

OS:Bsduname:Darwin 14.1.0 Darwin Kernel Version 14.1.0: Mon Dec 22 23:10:38 PST 2014; root:xnu-2782.10.72~2/RELEASE_X86_64 x86_64
rlimit: STACK 8192k, CORE 0k, NPROC 709, NOFILE 10240, AS infinity
load average:1.71 1.75 1.59

CPU:total 4 (2 cores per cpu, 2 threads per core) family 6 model 69 stepping 1, cmov, cx8, fxsr, mmx, sse, sse2, sse3, ssse3, sse4.1, sse4.2, popcnt, avx, avx2, aes, clmul, erms, lzcnt, ht, tsc, tscinvbit, bmi1, bmi2

Memory: 4k page, physical 4194304k(369992k free)

/proc/meminfo:


vm_info: Java HotSpot(TM) 64-Bit Server VM (25.45-b02) for bsd-amd64 JRE (1.8.0_45-b14), built on Apr 10 2015 10:46:38 by "java_re" with gcc 4.2.1 (Based on Apple Inc. build 5658) (LLVM build 2336.11.00)

time: Wed Jun 10 14:57:13 2015
elapsed time: 23934 seconds (0d 6h 38m 54s)

