#
# A fatal error has been detected by the Java Runtime Environment:
#
#  SIGSEGV (0xb) at pc=0x00007fff8dba80dd, pid=13180, tid=1811
#
# JRE version: Java(TM) SE Runtime Environment (8.0_45-b14) (build 1.8.0_45-b14)
# Java VM: Java HotSpot(TM) 64-Bit Server VM (25.45-b02 mixed mode bsd-amd64 compressed oops)
# Problematic frame:
# C  [libobjc.A.dylib+0x10dd]  objc_msgSend+0x1d
#
# Failed to write core dump. Core dumps have been disabled. To enable core dumping, try "ulimit -c unlimited" before starting Java again
#
# If you would like to submit a bug report, please visit:
#   http://bugreport.java.com/bugreport/crash.jsp
# The crash happened outside the Java Virtual Machine in native code.
# See problematic frame for where to report the bug.
#

---------------  T H R E A D  ---------------

Current thread (0x00007fcd61017000):  JavaThread "AppKit Thread" daemon [_thread_in_native, id=1811, stack(0x00007fff5d5c2000,0x00007fff5ddc2000)]

siginfo: si_signo: 11 (SIGSEGV), si_code: 1 (SEGV_MAPERR), si_addr: 0x000007fcd6046258

Registers:
RAX=0x00007fcd60461910, RBX=0x00007fff5ddbd938, RCX=0x0000000000000000, RDX=0x00007fcd60663a10
RSP=0x00007fff5ddbd758, RBP=0x00007fff5ddbd760, RSI=0x00007fff8b2202b4, RDI=0x00007fcd60461910
R8 =0x00007fff5ddbd740, R9 =0x0000000000000055, R10=0x00007fff8b2202b4, R11=0x000007fcd6046240
R12=0x00007fcd607086d0, R13=0x00000000000f42e8, R14=0x00007fcd6067baf0, R15=0x00007fff5ddbd898
RIP=0x00007fff8dba80dd, EFLAGS=0x0000000000010202, ERR=0x0000000000000004
  TRAPNO=0x000000000000000e

Top of Stack: (sp=0x00007fff5ddbd758)
0x00007fff5ddbd758:   00007fff92534cdc 00007fff5ddbdac0
0x00007fff5ddbd768:   00007fff92426244 00007fff5ddbd7ec
0x00007fff5ddbd778:   00007fff5ddbd7f0 00007fff5ddbd7f4
0x00007fff5ddbd788:   00007fff77c29c88 ffffffffffffffff
0x00007fff5ddbd798:   00000000000007f8 00007fff77c29ca0
0x00007fff5ddbd7a8:   00007fcd6067baf0 0000000000000000
0x00007fff5ddbd7b8:   00007fff5ddbd890 0000000000000000
0x00007fff5ddbd7c8:   00007fcd6067a9d0 00007fff5ddbd910
0x00007fff5ddbd7d8:   0000000000000055 00000000000f42ea
0x00007fff5ddbd7e8:   00007fcd60663a10 00007fcd6067a400
0x00007fff5ddbd7f8:   00007fcd607086d0 0000000000000001
0x00007fff5ddbd808:   00000000000f42e8 00007fcd607086c0
0x00007fff5ddbd818:   00007fff920f47ba 0000000160733a50
0x00007fff5ddbd828:   00007fff77afa0d0 0000000042000000
0x00007fff5ddbd838:   00007fff920fce13 00007fff77bf41d0
0x00007fff5ddbd848:   00007fff5ddbd918 0000000000000000
0x00007fff5ddbd858:   00007fff7713d8c8 0000000000000000
0x00007fff5ddbd868:   0000000000000003 0001310300000001
0x00007fff5ddbd878:   00007fcd607086f4 0000000000000000
0x00007fff5ddbd888:   00000000003be101 00007fcd6067aa50
0x00007fff5ddbd898:   00007fcd6067baf0 0000000000000000
0x00007fff5ddbd8a8:   00007fff8b25834c 00007fff5ddbd950
0x00007fff5ddbd8b8:   00007fff8f4ce513 00007fff5ddbd934
0x00007fff5ddbd8c8:   00000000003be201 00000000ffffffff
0x00007fff5ddbd8d8:   00007fff7713d8c8 00000000003be200
0x00007fff5ddbd8e8:   00007fff00000000 00007fff5ddbd9e0
0x00007fff5ddbd8f8:   00007fff90e30edc 00007fff7713d8e8
0x00007fff5ddbd908:   00007fff8b25834c 0000000000000051
0x00007fff5ddbd918:   0000000000000000 00000000000f42e1
0x00007fff5ddbd928:   0000000000000053 0000000000000000
0x00007fff5ddbd938:   00000000000f42e8 00007fff5ddbd9b4
0x00007fff5ddbd948:   00000000003bf001 00000000ffffffff 

Instructions: (pc=0x00007fff8dba80dd)
0x00007fff8dba80bd:   00 00 00 48 85 ff 2e 74 7a 40 f6 c7 01 2e 75 7e
0x00007fff8dba80cd:   49 bb f8 ff ff ff ff 7f 00 00 4c 23 1f 49 89 f2
0x00007fff8dba80dd:   45 23 53 18 49 c1 e2 04 4d 03 53 10 49 3b 32 75
0x00007fff8dba80ed:   04 41 ff 62 08 49 83 3a 00 74 6a 4d 3b 53 10 74 

Register to memory mapping:

RAX=0x00007fcd60461910 is an unknown value
RBX=0x00007fff5ddbd938 is pointing into the stack for thread: 0x00007fcd61017000
RCX=0x0000000000000000 is an unknown value
RDX=0x00007fcd60663a10 is an unknown value
RSP=0x00007fff5ddbd758 is pointing into the stack for thread: 0x00007fcd61017000
RBP=0x00007fff5ddbd760 is pointing into the stack for thread: 0x00007fcd61017000
RSI=0x00007fff8b2202b4: -[NSTitlebarContainerView shouldRoundCorners]+0x5ced6 in /System/Library/Frameworks/AppKit.framework/Versions/C/AppKit at 0x00007fff8a84f000
RDI=0x00007fcd60461910 is an unknown value
R8 =0x00007fff5ddbd740 is pointing into the stack for thread: 0x00007fcd61017000
R9 =0x0000000000000055 is an unknown value
R10=0x00007fff8b2202b4: -[NSTitlebarContainerView shouldRoundCorners]+0x5ced6 in /System/Library/Frameworks/AppKit.framework/Versions/C/AppKit at 0x00007fff8a84f000
R11=0x000007fcd6046240 is an unknown value
R12=0x00007fcd607086d0 is an unknown value
R13=0x00000000000f42e8 is an unknown value
R14=0x00007fcd6067baf0 is an unknown value
R15=0x00007fff5ddbd898 is pointing into the stack for thread: 0x00007fcd61017000


Stack: [0x00007fff5d5c2000,0x00007fff5ddc2000],  sp=0x00007fff5ddbd758,  free space=8173k
Native frames: (J=compiled Java code, j=interpreted, Vv=VM code, C=native code)
C  [libobjc.A.dylib+0x10dd]  objc_msgSend+0x1d
C  [CoreFoundation+0x10244]  _CFXNotificationPost+0xc44
C  [Foundation+0x2c31]  -[NSNotificationCenter postNotificationName:object:userInfo:]+0x42
C  [AppKit+0xdd776]  -[NSSurface _disposeSurface]+0x98
C  [AppKit+0xdd1da]  -[NSSurface setWindow:]+0x42
C  [AppKit+0x3b9ef]  -[NSView _setWindow:]+0xa22
C  [AppKit+0x3cc22]  -[NSView removeFromSuperview]+0x1c5
C  [AppKit+0x9140a]  -[NSView removeFromSuperviewWithoutNeedingDisplay]+0x26
C  [liblwjgl.dylib+0xa205]  +[MacOSXKeyableWindow destroyWindow]+0xb5
C  [Foundation+0x65cdc]  __NSThreadPerformPerform+0x125
C  [CoreFoundation+0x80681]  __CFRUNLOOP_IS_CALLING_OUT_TO_A_SOURCE0_PERFORM_FUNCTION__+0x11
C  [CoreFoundation+0x7280d]  __CFRunLoopDoSources0+0x10d
C  [CoreFoundation+0x71e3f]  __CFRunLoopRun+0x39f
C  [CoreFoundation+0x71858]  CFRunLoopRunSpecific+0x128
C  [HIToolbox+0x2eaef]  RunCurrentEventLoopInMode+0xeb
C  [HIToolbox+0x2e86a]  ReceiveNextEventCommon+0x1af
C  [HIToolbox+0x2e6ab]  _BlockUntilNextEventMatchingListInModeWithFilter+0x47
C  [AppKit+0x23f81]  _DPSNextEvent+0x3c4
C  [AppKit+0x23730]  -[NSApplication nextEventMatchingMask:untilDate:inMode:dequeue:]+0xc2
C  [libosxapp.dylib+0x242a]  -[NSApplicationAWT nextEventMatchingMask:untilDate:inMode:dequeue:]+0x7c
C  [AppKit+0x17593]  -[NSApplication run]+0x252
C  [libosxapp.dylib+0x223e]  +[NSApplicationAWT runAWTLoopWithApp:]+0x9c
C  [libawt_lwawt.dylib+0x4462b]  -[AWTStarter starter:]+0x389
C  [Foundation+0x65cdc]  __NSThreadPerformPerform+0x125
C  [CoreFoundation+0x80681]  __CFRUNLOOP_IS_CALLING_OUT_TO_A_SOURCE0_PERFORM_FUNCTION__+0x11
C  [CoreFoundation+0x7280d]  __CFRunLoopDoSources0+0x10d
C  [CoreFoundation+0x71e3f]  __CFRunLoopRun+0x39f
C  [CoreFoundation+0x71858]  CFRunLoopRunSpecific+0x128
C  [java+0x6490]  CreateExecutionEnvironment+0x367
C  [java+0x221c]  JLI_Launch+0x7a0
C  [java+0x84ed]  main+0x65
C  [java+0x1a74]  start+0x34
C  0x0000000000000006


---------------  P R O C E S S  ---------------

Java Threads: ( => current thread )
  0x00007fcd6103a000 JavaThread "AWT-Shutdown" [_thread_blocked, id=28935, stack(0x000000011a772000,0x000000011a872000)]
=>0x00007fcd61017000 JavaThread "AppKit Thread" daemon [_thread_in_native, id=1811, stack(0x00007fff5d5c2000,0x00007fff5ddc2000)]
  0x00007fcd62003000 JavaThread "Service Thread" daemon [_thread_blocked, id=18179, stack(0x0000000118f7f000,0x000000011907f000)]
  0x00007fcd6180d000 JavaThread "C1 CompilerThread2" daemon [_thread_blocked, id=17667, stack(0x0000000118e7c000,0x0000000118f7c000)]
  0x00007fcd6180c000 JavaThread "C2 CompilerThread1" daemon [_thread_blocked, id=17155, stack(0x0000000118d79000,0x0000000118e79000)]
  0x00007fcd6084a800 JavaThread "C2 CompilerThread0" daemon [_thread_blocked, id=16643, stack(0x0000000118c76000,0x0000000118d76000)]
  0x00007fcd61002000 JavaThread "Signal Dispatcher" daemon [_thread_blocked, id=16155, stack(0x0000000118b73000,0x0000000118c73000)]
  0x00007fcd6083b800 JavaThread "Finalizer" daemon [_thread_blocked, id=11523, stack(0x000000011723c000,0x000000011733c000)]
  0x00007fcd6083b000 JavaThread "Reference Handler" daemon [_thread_blocked, id=11011, stack(0x0000000117139000,0x0000000117239000)]
  0x00007fcd62007000 JavaThread "main" [_thread_in_native, id=4867, stack(0x000000010376a000,0x000000010386a000)]

Other Threads:
  0x00007fcd61001800 VMThread [stack: 0x0000000117036000,0x0000000117136000] [id=10499]
  0x00007fcd62018800 WatcherThread [stack: 0x0000000119082000,0x0000000119182000] [id=18691]

VM state:not at safepoint (normal execution)

VM Mutex/Monitor currently owned by a thread: None

Heap:
 PSYoungGen      total 18944K, used 9911K [0x00000007aab00000, 0x00000007ac000000, 0x00000007c0000000)
  eden space 16384K, 60% used [0x00000007aab00000,0x00000007ab4adfd8,0x00000007abb00000)
  from space 2560K, 0% used [0x00000007abd80000,0x00000007abd80000,0x00000007ac000000)
  to   space 2560K, 0% used [0x00000007abb00000,0x00000007abb00000,0x00000007abd80000)
 ParOldGen       total 44032K, used 0K [0x0000000780000000, 0x0000000782b00000, 0x00000007aab00000)
  object space 44032K, 0% used [0x0000000780000000,0x0000000780000000,0x0000000782b00000)
 Metaspace       used 6723K, capacity 6815K, committed 6912K, reserved 1056768K
  class space    used 680K, capacity 726K, committed 768K, reserved 1048576K

Card table byte_map: [0x0000000112c2c000,0x0000000112e2d000] byte_map_base: 0x000000010f02c000

Marking Bits: (ParMarkBitMap*) 0x00000001030c27a0
 Begin Bits: [0x000000011338f000, 0x000000011438f000)
 End Bits:   [0x000000011438f000, 0x000000011538f000)

Polling page: 0x0000000101f97000

CodeCache: size=245760Kb used=2649Kb max_used=2649Kb free=243111Kb
 bounds [0x000000010386c000, 0x0000000103b0c000, 0x000000011286c000]
 total_blobs=1039 nmethods=652 adapters=301
 compilation: enabled

Compilation events (10 events):
Event: 1.799 Thread 0x00007fcd6180d000  650       3       org.newdawn.slick.opengl.renderer.ImmediateModeOGLRenderer::glDisable (5 bytes)
Event: 1.800 Thread 0x00007fcd6180d000 nmethod 650 0x0000000103af57d0 code [0x0000000103af59c0, 0x0000000103af6118]
Event: 1.800 Thread 0x00007fcd6180d000  651       3       org.newdawn.slick.Image::draw (236 bytes)
Event: 1.807 Thread 0x00007fcd6180d000 nmethod 651 0x0000000103af6610 code [0x0000000103af6ec0, 0x0000000103afb8d8]
Event: 1.807 Thread 0x00007fcd6180d000  652       3       org.newdawn.slick.Graphics::resetTransform (39 bytes)
Event: 1.808 Thread 0x00007fcd6180d000 nmethod 652 0x0000000103b004d0 code [0x0000000103b00720, 0x0000000103b01238]
Event: 1.808 Thread 0x00007fcd6180d000  645       3       org.newdawn.slick.AppGameContainer::hasFocus (4 bytes)
Event: 1.808 Thread 0x00007fcd6180d000 nmethod 645 0x0000000103b019d0 code [0x0000000103b01b40, 0x0000000103b01cc8]
Event: 1.808 Thread 0x00007fcd6180d000  649       3       org.newdawn.slick.opengl.renderer.ImmediateModeOGLRenderer::glPointSize (5 bytes)
Event: 1.809 Thread 0x00007fcd6180d000 nmethod 649 0x0000000103b01d50 code [0x0000000103b01f40, 0x0000000103b02698]

GC Heap History (0 events):
No events

Deoptimization events (1 events):
Event: 0.395 Thread 0x00007fcd61017000 Uncommon trap: reason=unstable_if action=reinterpret pc=0x00000001039b97c0 method=java.lang.String.indexOf(II)I @ 49

Internal exceptions (10 events):
Event: 0.126 Thread 0x00007fcd62007000 Exception <a 'java/security/PrivilegedActionException'> (0x00000007aac89318) thrown at [/Users/java_re/workspace/8-2-build-macosx-x86_64/jdk8u45/3457/hotspot/src/share/vm/prims/jvm.cpp, line 1382]
Event: 0.181 Thread 0x00007fcd62007000 Exception <a 'java/security/PrivilegedActionException'> (0x00000007aadb8618) thrown at [/Users/java_re/workspace/8-2-build-macosx-x86_64/jdk8u45/3457/hotspot/src/share/vm/prims/jvm.cpp, line 1382]
Event: 0.181 Thread 0x00007fcd62007000 Exception <a 'java/security/PrivilegedActionException'> (0x00000007aadb87d0) thrown at [/Users/java_re/workspace/8-2-build-macosx-x86_64/jdk8u45/3457/hotspot/src/share/vm/prims/jvm.cpp, line 1382]
Event: 0.181 Thread 0x00007fcd62007000 Exception <a 'java/security/PrivilegedActionException'> (0x00000007aadbbb50) thrown at [/Users/java_re/workspace/8-2-build-macosx-x86_64/jdk8u45/3457/hotspot/src/share/vm/prims/jvm.cpp, line 1382]
Event: 0.181 Thread 0x00007fcd62007000 Exception <a 'java/security/PrivilegedActionException'> (0x00000007aadbbd08) thrown at [/Users/java_re/workspace/8-2-build-macosx-x86_64/jdk8u45/3457/hotspot/src/share/vm/prims/jvm.cpp, line 1382]
Event: 0.372 Thread 0x00007fcd62007000 Exception <a 'java/io/FileNotFoundException'> (0x00000007aadc0e00) thrown at [/Users/java_re/workspace/8-2-build-macosx-x86_64/jdk8u45/3457/hotspot/src/share/vm/prims/jni.cpp, line 709]
Event: 0.372 Thread 0x00007fcd62007000 Exception <a 'java/io/FileNotFoundException'> (0x00000007aadc1920) thrown at [/Users/java_re/workspace/8-2-build-macosx-x86_64/jdk8u45/3457/hotspot/src/share/vm/prims/jni.cpp, line 709]
Event: 0.443 Thread 0x00007fcd61017000 Exception <a 'java/lang/NoSuchFieldError': method resolution failed> (0x00000007aaf5ae48) thrown at [/Users/java_re/workspace/8-2-build-macosx-x86_64/jdk8u45/3457/hotspot/src/share/vm/prims/methodHandles.cpp, line 1125]
Event: 0.449 Thread 0x00007fcd61017000 Exception <a 'java/lang/NoSuchFieldError': method resolution failed> (0x00000007aaf694e8) thrown at [/Users/java_re/workspace/8-2-build-macosx-x86_64/jdk8u45/3457/hotspot/src/share/vm/prims/methodHandles.cpp, line 1125]
Event: 0.719 Thread 0x00007fcd62007000 Exception <a 'java/lang/NoClassDefFoundError': net/java/games/input/ControllerEnvironment> (0x00000007ab361ce8) thrown at [/Users/java_re/workspace/8-2-build-macosx-x86_64/jdk8u45/3457/hotspot/src/share/vm/classfile/systemDictionary.cpp, line 199]

Events (10 events):
Event: 0.790 loading class java/util/HashMap$KeySet
Event: 0.790 loading class java/util/HashMap$KeySet done
Event: 0.790 loading class java/util/HashMap$KeyIterator
Event: 0.790 loading class java/util/HashMap$KeyIterator done
Event: 0.790 loading class org/newdawn/slick/Music
Event: 0.790 loading class org/newdawn/slick/Music done
Event: 0.794 loading class org/newdawn/slick/AngelCodeFont$DisplayList
Event: 0.794 loading class org/newdawn/slick/AngelCodeFont$DisplayList done
Event: 2.037 loading class org/lwjgl/opengl/CallbackUtil
Event: 2.037 loading class org/lwjgl/opengl/CallbackUtil done


Dynamic libraries:
0x0000000005fb9000 	/System/Library/Frameworks/Cocoa.framework/Versions/A/Cocoa
0x0000000005fb9000 	/System/Library/Frameworks/Security.framework/Versions/A/Security
0x0000000005fb9000 	/System/Library/Frameworks/ApplicationServices.framework/Versions/A/ApplicationServices
0x0000000005fb9000 	/usr/lib/libz.1.dylib
0x0000000005fb9000 	/usr/lib/libSystem.B.dylib
0x0000000005fb9000 	/usr/lib/libobjc.A.dylib
0x0000000005fb9000 	/System/Library/Frameworks/CoreFoundation.framework/Versions/A/CoreFoundation
0x0000000005fb9000 	/System/Library/Frameworks/Foundation.framework/Versions/C/Foundation
0x0000000005fb9000 	/System/Library/Frameworks/AppKit.framework/Versions/C/AppKit
0x0000000005fb9000 	/System/Library/Frameworks/CoreData.framework/Versions/A/CoreData
0x0000000005fb9000 	/System/Library/PrivateFrameworks/RemoteViewServices.framework/Versions/A/RemoteViewServices
0x0000000005fb9000 	/System/Library/PrivateFrameworks/UIFoundation.framework/Versions/A/UIFoundation
0x0000000005fb9000 	/System/Library/Frameworks/IOSurface.framework/Versions/A/IOSurface
0x0000000005fb9000 	/System/Library/Frameworks/AudioToolbox.framework/Versions/A/AudioToolbox
0x0000000005fb9000 	/System/Library/Frameworks/AudioUnit.framework/Versions/A/AudioUnit
0x0000000005fb9000 	/System/Library/PrivateFrameworks/DataDetectorsCore.framework/Versions/A/DataDetectorsCore
0x0000000005fb9000 	/System/Library/PrivateFrameworks/DesktopServicesPriv.framework/Versions/A/DesktopServicesPriv
0x0000000005fb9000 	/System/Library/Frameworks/Carbon.framework/Versions/A/Frameworks/HIToolbox.framework/Versions/A/HIToolbox
0x0000000005fb9000 	/System/Library/Frameworks/QuartzCore.framework/Versions/A/QuartzCore
0x0000000005fb9000 	/System/Library/Frameworks/Carbon.framework/Versions/A/Frameworks/SpeechRecognition.framework/Versions/A/SpeechRecognition
0x0000000005fb9000 	/usr/lib/libauto.dylib
0x0000000005fb9000 	/usr/lib/libicucore.A.dylib
0x0000000005fb9000 	/usr/lib/libxml2.2.dylib
0x0000000005fb9000 	/System/Library/PrivateFrameworks/CoreUI.framework/Versions/A/CoreUI
0x0000000005fb9000 	/System/Library/Frameworks/CoreAudio.framework/Versions/A/CoreAudio
0x0000000005fb9000 	/System/Library/Frameworks/DiskArbitration.framework/Versions/A/DiskArbitration
0x0000000005fb9000 	/usr/lib/liblangid.dylib
0x0000000005fb9000 	/System/Library/PrivateFrameworks/MultitouchSupport.framework/Versions/A/MultitouchSupport
0x0000000005fb9000 	/System/Library/Frameworks/IOKit.framework/Versions/A/IOKit
0x0000000005fb9000 	/usr/lib/libDiagnosticMessagesClient.dylib
0x0000000005fb9000 	/System/Library/Frameworks/CoreServices.framework/Versions/A/CoreServices
0x0000000005fb9000 	/System/Library/PrivateFrameworks/PerformanceAnalysis.framework/Versions/A/PerformanceAnalysis
0x0000000005fb9000 	/System/Library/PrivateFrameworks/GenerationalStorage.framework/Versions/A/GenerationalStorage
0x0000000005fb9000 	/System/Library/Frameworks/OpenGL.framework/Versions/A/OpenGL
0x0000000005fb9000 	/System/Library/PrivateFrameworks/Sharing.framework/Versions/A/Sharing
0x0000000005fb9000 	/System/Library/Frameworks/CoreGraphics.framework/Versions/A/CoreGraphics
0x0000000005fb9000 	/System/Library/Frameworks/CoreText.framework/Versions/A/CoreText
0x0000000005fb9000 	/System/Library/Frameworks/ImageIO.framework/Versions/A/ImageIO
0x0000000005fb9000 	/usr/lib/libextension.dylib
0x0000000005fb9000 	/System/Library/PrivateFrameworks/Backup.framework/Versions/A/Backup
0x0000000005fb9000 	/usr/lib/libarchive.2.dylib
0x0000000005fb9000 	/System/Library/Frameworks/CFNetwork.framework/Versions/A/CFNetwork
0x0000000005fb9000 	/System/Library/Frameworks/SystemConfiguration.framework/Versions/A/SystemConfiguration
0x0000000005fb9000 	/usr/lib/libCRFSuite.dylib
0x0000000005fb9000 	/usr/lib/libc++.1.dylib
0x0000000005fb9000 	/usr/lib/libc++abi.dylib
0x0000000005fb9000 	/usr/lib/system/libcache.dylib
0x0000000005fb9000 	/usr/lib/system/libcommonCrypto.dylib
0x0000000005fb9000 	/usr/lib/system/libcompiler_rt.dylib
0x0000000005fb9000 	/usr/lib/system/libcopyfile.dylib
0x0000000005fb9000 	/usr/lib/system/libcorecrypto.dylib
0x0000000005fb9000 	/usr/lib/system/libdispatch.dylib
0x0000000005fb9000 	/usr/lib/system/libdyld.dylib
0x0000000005fb9000 	/usr/lib/system/libkeymgr.dylib
0x0000000005fb9000 	/usr/lib/system/liblaunch.dylib
0x0000000005fb9000 	/usr/lib/system/libmacho.dylib
0x0000000005fb9000 	/usr/lib/system/libquarantine.dylib
0x0000000005fb9000 	/usr/lib/system/libremovefile.dylib
0x0000000005fb9000 	/usr/lib/system/libsystem_asl.dylib
0x0000000005fb9000 	/usr/lib/system/libsystem_blocks.dylib
0x0000000005fb9000 	/usr/lib/system/libsystem_c.dylib
0x0000000005fb9000 	/usr/lib/system/libsystem_configuration.dylib
0x0000000005fb9000 	/usr/lib/system/libsystem_coreservices.dylib
0x0000000005fb9000 	/usr/lib/system/libsystem_coretls.dylib
0x0000000005fb9000 	/usr/lib/system/libsystem_dnssd.dylib
0x0000000005fb9000 	/usr/lib/system/libsystem_info.dylib
0x0000000005fb9000 	/usr/lib/system/libsystem_kernel.dylib
0x0000000005fb9000 	/usr/lib/system/libsystem_m.dylib
0x0000000005fb9000 	/usr/lib/system/libsystem_malloc.dylib
0x0000000005fb9000 	/usr/lib/system/libsystem_network.dylib
0x0000000005fb9000 	/usr/lib/system/libsystem_networkextension.dylib
0x0000000005fb9000 	/usr/lib/system/libsystem_notify.dylib
0x0000000005fb9000 	/usr/lib/system/libsystem_platform.dylib
0x0000000005fb9000 	/usr/lib/system/libsystem_pthread.dylib
0x0000000005fb9000 	/usr/lib/system/libsystem_sandbox.dylib
0x0000000005fb9000 	/usr/lib/system/libsystem_secinit.dylib
0x0000000005fb9000 	/usr/lib/system/libsystem_stats.dylib
0x0000000005fb9000 	/usr/lib/system/libsystem_trace.dylib
0x0000000005fb9000 	/usr/lib/system/libunc.dylib
0x0000000005fb9000 	/usr/lib/system/libunwind.dylib
0x0000000005fb9000 	/usr/lib/system/libxpc.dylib
0x0000000005fb9000 	/usr/lib/libbz2.1.0.dylib
0x0000000005fb9000 	/usr/lib/liblzma.5.dylib
0x0000000005fb9000 	/usr/lib/libbsm.0.dylib
0x0000000005fb9000 	/usr/lib/libsqlite3.dylib
0x0000000005fb9000 	/usr/lib/system/libkxld.dylib
0x0000000005fb9000 	/usr/lib/libxar.1.dylib
0x0000000005fb9000 	/usr/lib/libpam.2.dylib
0x0000000005fb9000 	/usr/lib/libOpenScriptingUtil.dylib
0x0000000005fb9000 	/System/Library/Frameworks/CoreServices.framework/Versions/A/Frameworks/FSEvents.framework/Versions/A/FSEvents
0x0000000005fb9000 	/System/Library/Frameworks/CoreServices.framework/Versions/A/Frameworks/CarbonCore.framework/Versions/A/CarbonCore
0x0000000005fb9000 	/System/Library/Frameworks/CoreServices.framework/Versions/A/Frameworks/Metadata.framework/Versions/A/Metadata
0x0000000005fb9000 	/System/Library/Frameworks/CoreServices.framework/Versions/A/Frameworks/OSServices.framework/Versions/A/OSServices
0x0000000005fb9000 	/System/Library/Frameworks/CoreServices.framework/Versions/A/Frameworks/SearchKit.framework/Versions/A/SearchKit
0x0000000005fb9000 	/System/Library/Frameworks/CoreServices.framework/Versions/A/Frameworks/AE.framework/Versions/A/AE
0x0000000005fb9000 	/System/Library/Frameworks/CoreServices.framework/Versions/A/Frameworks/LaunchServices.framework/Versions/A/LaunchServices
0x0000000005fb9000 	/System/Library/Frameworks/CoreServices.framework/Versions/A/Frameworks/DictionaryServices.framework/Versions/A/DictionaryServices
0x0000000005fb9000 	/System/Library/Frameworks/NetFS.framework/Versions/A/NetFS
0x0000000005fb9000 	/System/Library/PrivateFrameworks/NetAuth.framework/Versions/A/NetAuth
0x0000000005fb9000 	/System/Library/PrivateFrameworks/login.framework/Versions/A/Frameworks/loginsupport.framework/Versions/A/loginsupport
0x0000000005fb9000 	/System/Library/PrivateFrameworks/TCC.framework/Versions/A/TCC
0x0000000005fb9000 	/usr/lib/libmecabra.dylib
0x0000000005fb9000 	/System/Library/Frameworks/ApplicationServices.framework/Versions/A/Frameworks/ATS.framework/Versions/A/ATS
0x0000000005fb9000 	/System/Library/Frameworks/ApplicationServices.framework/Versions/A/Frameworks/ColorSync.framework/Versions/A/ColorSync
0x0000000005fb9000 	/System/Library/Frameworks/ApplicationServices.framework/Versions/A/Frameworks/HIServices.framework/Versions/A/HIServices
0x0000000005fb9000 	/System/Library/Frameworks/ApplicationServices.framework/Versions/A/Frameworks/LangAnalysis.framework/Versions/A/LangAnalysis
0x0000000005fb9000 	/System/Library/Frameworks/ApplicationServices.framework/Versions/A/Frameworks/PrintCore.framework/Versions/A/PrintCore
0x0000000005fb9000 	/System/Library/Frameworks/ApplicationServices.framework/Versions/A/Frameworks/QD.framework/Versions/A/QD
0x0000000005fb9000 	/System/Library/Frameworks/ApplicationServices.framework/Versions/A/Frameworks/SpeechSynthesis.framework/Versions/A/SpeechSynthesis
0x0000000005fb9000 	/System/Library/Frameworks/Accelerate.framework/Versions/A/Accelerate
0x0000000005fb9000 	/System/Library/Frameworks/Accelerate.framework/Versions/A/Frameworks/vImage.framework/Versions/A/vImage
0x0000000005fb9000 	/System/Library/Frameworks/Accelerate.framework/Versions/A/Frameworks/vecLib.framework/Versions/A/vecLib
0x0000000005fb9000 	/System/Library/Frameworks/Accelerate.framework/Versions/A/Frameworks/vecLib.framework/Versions/A/libvDSP.dylib
0x0000000005fb9000 	/System/Library/Frameworks/Accelerate.framework/Versions/A/Frameworks/vecLib.framework/Versions/A/libvMisc.dylib
0x0000000005fb9000 	/System/Library/Frameworks/Accelerate.framework/Versions/A/Frameworks/vecLib.framework/Versions/A/libLAPACK.dylib
0x0000000005fb9000 	/System/Library/Frameworks/Accelerate.framework/Versions/A/Frameworks/vecLib.framework/Versions/A/libBLAS.dylib
0x0000000005fb9000 	/System/Library/Frameworks/Accelerate.framework/Versions/A/Frameworks/vecLib.framework/Versions/A/libLinearAlgebra.dylib
0x0000000005fb9000 	/System/Library/Frameworks/ApplicationServices.framework/Versions/A/Frameworks/ATS.framework/Versions/A/Resources/libFontParser.dylib
0x0000000005fb9000 	/System/Library/Frameworks/ApplicationServices.framework/Versions/A/Frameworks/ATS.framework/Versions/A/Resources/libFontRegistry.dylib
0x0000000005fb9000 	/System/Library/PrivateFrameworks/AppleVPA.framework/Versions/A/AppleVPA
0x0000000005fb9000 	/System/Library/PrivateFrameworks/AppleJPEG.framework/Versions/A/AppleJPEG
0x0000000005fb9000 	/System/Library/Frameworks/ImageIO.framework/Versions/A/Resources/libJPEG.dylib
0x0000000005fb9000 	/System/Library/Frameworks/ImageIO.framework/Versions/A/Resources/libTIFF.dylib
0x0000000005fb9000 	/System/Library/Frameworks/ImageIO.framework/Versions/A/Resources/libPng.dylib
0x0000000005fb9000 	/System/Library/Frameworks/ImageIO.framework/Versions/A/Resources/libGIF.dylib
0x0000000005fb9000 	/System/Library/Frameworks/ImageIO.framework/Versions/A/Resources/libJP2.dylib
0x0000000005fb9000 	/System/Library/Frameworks/ImageIO.framework/Versions/A/Resources/libRadiance.dylib
0x0000000005fb9000 	/System/Library/Frameworks/CoreVideo.framework/Versions/A/CoreVideo
0x0000000005fb9000 	/System/Library/Frameworks/OpenGL.framework/Versions/A/Libraries/libGLU.dylib
0x0000000005fb9000 	/System/Library/Frameworks/OpenGL.framework/Versions/A/Libraries/libGFXShared.dylib
0x0000000005fb9000 	/System/Library/Frameworks/OpenGL.framework/Versions/A/Libraries/libGL.dylib
0x0000000005fb9000 	/System/Library/Frameworks/OpenGL.framework/Versions/A/Libraries/libGLImage.dylib
0x0000000005fb9000 	/System/Library/Frameworks/OpenGL.framework/Versions/A/Libraries/libCVMSPluginSupport.dylib
0x0000000005fb9000 	/System/Library/Frameworks/OpenGL.framework/Versions/A/Libraries/libCoreVMClient.dylib
0x0000000005fb9000 	/usr/lib/libcups.2.dylib
0x0000000005fb9000 	/System/Library/Frameworks/Kerberos.framework/Versions/A/Kerberos
0x0000000005fb9000 	/System/Library/Frameworks/GSS.framework/Versions/A/GSS
0x0000000005fb9000 	/usr/lib/libresolv.9.dylib
0x0000000005fb9000 	/usr/lib/libiconv.2.dylib
0x0000000005fb9000 	/System/Library/PrivateFrameworks/Heimdal.framework/Versions/A/Heimdal
0x0000000005fb9000 	/usr/lib/libheimdal-asn1.dylib
0x0000000005fb9000 	/System/Library/Frameworks/OpenDirectory.framework/Versions/A/OpenDirectory
0x0000000005fb9000 	/System/Library/PrivateFrameworks/CommonAuth.framework/Versions/A/CommonAuth
0x0000000005fb9000 	/System/Library/Frameworks/OpenDirectory.framework/Versions/A/Frameworks/CFOpenDirectory.framework/Versions/A/CFOpenDirectory
0x0000000005fb9000 	/System/Library/Frameworks/SecurityFoundation.framework/Versions/A/SecurityFoundation
0x0000000005fb9000 	/System/Library/PrivateFrameworks/LanguageModeling.framework/Versions/A/LanguageModeling
0x0000000005fb9000 	/usr/lib/libcmph.dylib
0x0000000005fb9000 	/System/Library/Frameworks/ServiceManagement.framework/Versions/A/ServiceManagement
0x0000000005fb9000 	/usr/lib/libxslt.1.dylib
0x0000000005fb9000 	/System/Library/Frameworks/Carbon.framework/Versions/A/Frameworks/Ink.framework/Versions/A/Ink
0x0000000005fb9000 	/System/Library/Frameworks/QuartzCore.framework/Versions/A/Frameworks/CoreImage.framework/Versions/A/CoreImage
0x0000000005fb9000 	/System/Library/PrivateFrameworks/CrashReporterSupport.framework/Versions/A/CrashReporterSupport
0x0000000005fb9000 	/System/Library/Frameworks/OpenCL.framework/Versions/A/OpenCL
0x0000000005fb9000 	/System/Library/PrivateFrameworks/FaceCore.framework/Versions/A/FaceCore
0x0000000005fb9000 	/System/Library/PrivateFrameworks/Ubiquity.framework/Versions/A/Ubiquity
0x0000000005fb9000 	/System/Library/PrivateFrameworks/IconServices.framework/Versions/A/IconServices
0x0000000005fb9000 	/System/Library/PrivateFrameworks/ChunkingLibrary.framework/Versions/A/ChunkingLibrary
0x0000000005fb9000 	/System/Library/PrivateFrameworks/Apple80211.framework/Versions/A/Apple80211
0x0000000005fb9000 	/System/Library/Frameworks/CoreWLAN.framework/Versions/A/CoreWLAN
0x0000000005fb9000 	/System/Library/Frameworks/IOBluetooth.framework/Versions/A/IOBluetooth
0x0000000005fb9000 	/System/Library/PrivateFrameworks/CoreWiFi.framework/Versions/A/CoreWiFi
0x0000000005fb9000 	/System/Library/Frameworks/CoreBluetooth.framework/Versions/A/CoreBluetooth
0x0000000005fb9000 	/System/Library/PrivateFrameworks/DebugSymbols.framework/Versions/A/DebugSymbols
0x0000000005fb9000 	/System/Library/PrivateFrameworks/CoreSymbolication.framework/Versions/A/CoreSymbolication
0x0000000005fb9000 	/System/Library/PrivateFrameworks/Symbolication.framework/Versions/A/Symbolication
0x0000000005fb9000 	/System/Library/PrivateFrameworks/SpeechRecognitionCore.framework/Versions/A/SpeechRecognitionCore
0x0000000102800000 	/Library/Java/JavaVirtualMachines/jdk1.8.0_45.jdk/Contents/Home/jre/lib/server/libjvm.dylib
0x0000000005fb9000 	/usr/lib/libstdc++.6.dylib
0x0000000101f54000 	/Library/Java/JavaVirtualMachines/jdk1.8.0_45.jdk/Contents/Home/jre/lib/libverify.dylib
0x0000000101f62000 	/Library/Java/JavaVirtualMachines/jdk1.8.0_45.jdk/Contents/Home/jre/lib/libjava.dylib
0x0000000101fa1000 	/Library/Java/JavaVirtualMachines/jdk1.8.0_45.jdk/Contents/Home/jre/lib/libzip.dylib
0x0000000101fe7000 	/System/Library/Frameworks/JavaVM.framework/Frameworks/JavaRuntimeSupport.framework/JavaRuntimeSupport
0x000000011733e000 	/System/Library/Frameworks/JavaVM.framework/Versions/A/Frameworks/JavaNativeFoundation.framework/Versions/A/JavaNativeFoundation
0x0000000117353000 	/System/Library/Frameworks/JavaVM.framework/Versions/A/JavaVM
0x0000000005fb9000 	/System/Library/Frameworks/Carbon.framework/Versions/A/Carbon
0x0000000117360000 	/System/Library/PrivateFrameworks/JavaLaunching.framework/Versions/A/JavaLaunching
0x0000000005fb9000 	/System/Library/Frameworks/Carbon.framework/Versions/A/Frameworks/CommonPanels.framework/Versions/A/CommonPanels
0x0000000005fb9000 	/System/Library/Frameworks/Carbon.framework/Versions/A/Frameworks/Help.framework/Versions/A/Help
0x0000000005fb9000 	/System/Library/Frameworks/Carbon.framework/Versions/A/Frameworks/ImageCapture.framework/Versions/A/ImageCapture
0x0000000005fb9000 	/System/Library/Frameworks/Carbon.framework/Versions/A/Frameworks/OpenScripting.framework/Versions/A/OpenScripting
0x0000000005fb9000 	/System/Library/Frameworks/Carbon.framework/Versions/A/Frameworks/Print.framework/Versions/A/Print
0x0000000005fb9000 	/System/Library/Frameworks/Carbon.framework/Versions/A/Frameworks/SecurityHI.framework/Versions/A/SecurityHI
0x00000001191d4000 	/Library/Java/JavaVirtualMachines/jdk1.8.0_45.jdk/Contents/Home/jre/lib/libawt.dylib
0x000000011927c000 	/Library/Java/JavaVirtualMachines/jdk1.8.0_45.jdk/Contents/Home/jre/lib/./libmlib_image.dylib
0x0000000119348000 	/Library/Java/JavaVirtualMachines/jdk1.8.0_45.jdk/Contents/Home/jre/lib/libawt_lwawt.dylib
0x00000001193fc000 	/Library/Java/JavaVirtualMachines/jdk1.8.0_45.jdk/Contents/Home/jre/lib/./libosxapp.dylib
0x0000000005fb9000 	/System/Library/Frameworks/ExceptionHandling.framework/Versions/A/ExceptionHandling
0x0000000005fb9000 	/System/Library/PrivateFrameworks/CoreServicesInternal.framework/Versions/A/CoreServicesInternal
0x0000000005fb9000 	/System/Library/PrivateFrameworks/CloudDocs.framework/Versions/A/CloudDocs
0x0000000005fb9000 	/System/Library/PrivateFrameworks/CoreDuet.framework/Versions/A/CoreDuet
0x0000000005fb9000 	/System/Library/Frameworks/CloudKit.framework/Versions/A/CloudKit
0x0000000005fb9000 	/System/Library/PrivateFrameworks/ProtocolBuffer.framework/Versions/A/ProtocolBuffer
0x0000000005fb9000 	/System/Library/PrivateFrameworks/CoreDuetDaemonProtocol.framework/Versions/A/CoreDuetDaemonProtocol
0x0000000005fb9000 	/System/Library/PrivateFrameworks/CoreDuetDebugLogging.framework/Versions/A/CoreDuetDebugLogging
0x0000000005fb9000 	/System/Library/Frameworks/CoreLocation.framework/Versions/A/CoreLocation
0x0000000005fb9000 	/System/Library/Frameworks/Accounts.framework/Versions/A/Accounts
0x0000000005fb9000 	/System/Library/PrivateFrameworks/ApplePushService.framework/Versions/A/ApplePushService
0x0000000005fb9000 	/System/Library/PrivateFrameworks/GeoServices.framework/Versions/A/GeoServices
0x0000000005fb9000 	/System/Library/PrivateFrameworks/OAuth.framework/Versions/A/OAuth
0x0000000005fb9000 	/System/Library/PrivateFrameworks/CoreDaemon.framework/Versions/B/CoreDaemon
0x0000000005fb9000 	/usr/lib/libcrypto.0.9.8.dylib
0x0000000005fb9000 	/System/Library/PrivateFrameworks/AppleSRP.framework/Versions/A/AppleSRP
0x0000000005fb9000 	/System/Library/PrivateFrameworks/TrustEvaluationAgent.framework/Versions/A/TrustEvaluationAgent
0x0000000005fb9000 	/System/Library/Frameworks/CoreGraphics.framework/Versions/A/Resources/libCGCMS.A.dylib
0x0000000005fb9000 	/System/Library/Frameworks/CoreGraphics.framework/Versions/A/Resources/libRIP.A.dylib
0x0000000005fb9000 	/System/Library/Frameworks/CoreGraphics.framework/Versions/A/Resources/libCGXType.A.dylib
0x0000000005fb9000 	/System/Library/Frameworks/OpenCL.framework/Versions/A/Libraries/libcldcpuengine.dylib
0x0000000005fb9000 	/System/Library/PrivateFrameworks/DiskImages.framework/Versions/A/DiskImages
0x0000000005fb9000 	/System/Library/Frameworks/DiscRecording.framework/Versions/A/DiscRecording
0x0000000005fb9000 	/usr/lib/libcsfde.dylib
0x0000000005fb9000 	/usr/lib/libcurl.4.dylib
0x0000000005fb9000 	/System/Library/PrivateFrameworks/MediaKit.framework/Versions/A/MediaKit
0x0000000005fb9000 	/System/Library/PrivateFrameworks/ProtectedCloudStorage.framework/Versions/A/ProtectedCloudStorage
0x0000000005fb9000 	/usr/lib/libCoreStorage.dylib
0x0000000005fb9000 	/System/Library/PrivateFrameworks/EFILogin.framework/Versions/A/EFILogin
0x0000000005fb9000 	/usr/lib/libutil.dylib
0x0000000005fb9000 	/System/Library/PrivateFrameworks/FindMyDevice.framework/Versions/A/FindMyDevice
0x0000000005fb9000 	/System/Library/Frameworks/LDAP.framework/Versions/A/LDAP
0x0000000005fb9000 	/usr/lib/libsasl2.2.dylib
0x000000011bf16000 	cl_kernels
0x000000011bf18000 	/System/Library/Frameworks/OpenCL.framework/Versions/A/Libraries/ImageFormats/unorm8_bgra.dylib
0x000000011bf07000 	cl_kernels
0x0000000005fb9000 	/System/Library/PrivateFrameworks/FamilyControls.framework/Versions/A/FamilyControls
0x0000000005fb9000 	/System/Library/PrivateFrameworks/CommerceKit.framework/Versions/A/Frameworks/CommerceCore.framework/Versions/A/CommerceCore
0x0000000005fb9000 	/System/Library/PrivateFrameworks/SystemAdministration.framework/Versions/A/SystemAdministration
0x0000000005fb9000 	/System/Library/PrivateFrameworks/AppContainer.framework/Versions/A/AppContainer
0x0000000005fb9000 	/System/Library/PrivateFrameworks/SecCodeWrapper.framework/Versions/A/SecCodeWrapper
0x0000000005fb9000 	/System/Library/Frameworks/DirectoryService.framework/Versions/A/DirectoryService
0x0000000005fb9000 	/System/Library/PrivateFrameworks/LoginUIKit.framework/Versions/A/Frameworks/LoginUICore.framework/Versions/A/LoginUICore
0x0000000005fb9000 	/usr/lib/libodfde.dylib
0x000000011d0de000 	/Library/Java/JavaVirtualMachines/jdk1.8.0_45.jdk/Contents/Home/jre/lib/libfontmanager.dylib
0x000000011d145000 	/Users/Brian/git/project02_team02/lib/lwjgl-2.9.3/native/macosx/liblwjgl.dylib
0x000000011b44b000 	/Library/Java/JavaVirtualMachines/jdk1.8.0_45.jdk/Contents/Home/jre/lib/libjawt.dylib
0x0000000005fb9000 	/System/Library/Frameworks/OpenGL.framework/Versions/A/Resources/GLEngine.bundle/GLEngine
0x0000000005fb9000 	/System/Library/Frameworks/OpenGL.framework/Versions/A/Libraries/libGLProgrammability.dylib
0x0000000000000000 	/System/Library/Extensions/AppleIntelHD5000GraphicsGLDriver.bundle/Contents/MacOS/AppleIntelHD5000GraphicsGLDriver
0x0000000005fb9000 	/System/Library/PrivateFrameworks/IOAccelerator.framework/Versions/A/IOAccelerator
0x0000000005fb9000 	/System/Library/PrivateFrameworks/GPUSupport.framework/Versions/A/Libraries/libGPUSupportMercury.dylib
0x0000000005fb9000 	/System/Library/Frameworks/OpenGL.framework/Versions/A/Resources/GLRendererFloat.bundle/GLRendererFloat

VM Arguments:
jvm_args: -Djava.library.path=/Users/Brian/git/project02_team02/lib/lwjgl-2.9.3/native/macosx -Dfile.encoding=UTF-8 
java_command: game_logic.Game
java_class_path (initial): /Users/Brian/git/project02_team02/bin:/Users/Brian/git/project02_team02/lib/old/jars/lwjgl.jar:/Users/Brian/git/project02_team02/lib/old/jars/slick.jar
Launcher Type: SUN_STANDARD

Environment Variables:
PATH=/usr/bin:/bin:/usr/sbin:/sbin
SHELL=/bin/bash

Signal Handlers:
SIGSEGV: [libjvm.dylib+0x58ef95], sa_mask[0]=11111111011111110111111111111111, sa_flags=SA_ONSTACK|SA_RESTART|SA_SIGINFO
SIGBUS: [libjvm.dylib+0x58ef95], sa_mask[0]=11111111011111110111111111111111, sa_flags=SA_RESTART|SA_SIGINFO
SIGFPE: [libjvm.dylib+0x46c108], sa_mask[0]=11111111011111110111111111111111, sa_flags=SA_RESTART|SA_SIGINFO
SIGPIPE: [libjvm.dylib+0x46c108], sa_mask[0]=11111111011111110111111111111111, sa_flags=SA_RESTART|SA_SIGINFO
SIGXFSZ: [libjvm.dylib+0x46c108], sa_mask[0]=11111111011111110111111111111111, sa_flags=SA_RESTART|SA_SIGINFO
SIGILL: [libjvm.dylib+0x46c108], sa_mask[0]=11111111011111110111111111111111, sa_flags=SA_RESTART|SA_SIGINFO
SIGUSR1: SIG_DFL, sa_mask[0]=00000000000000000000000000000000, sa_flags=none
SIGUSR2: [libjvm.dylib+0x46bc26], sa_mask[0]=00100000000000000000000000000000, sa_flags=SA_RESTART|SA_SIGINFO
SIGHUP: [libjvm.dylib+0x46a1f9], sa_mask[0]=11111111011111110111111111111111, sa_flags=SA_RESTART|SA_SIGINFO
SIGINT: [libjvm.dylib+0x46a1f9], sa_mask[0]=11111111011111110111111111111111, sa_flags=SA_RESTART|SA_SIGINFO
SIGTERM: [libjvm.dylib+0x46a1f9], sa_mask[0]=11111111011111110111111111111111, sa_flags=SA_RESTART|SA_SIGINFO
SIGQUIT: [libjvm.dylib+0x46a1f9], sa_mask[0]=11111111011111110111111111111111, sa_flags=SA_RESTART|SA_SIGINFO


---------------  S Y S T E M  ---------------

OS:Bsduname:Darwin 14.1.0 Darwin Kernel Version 14.1.0: Mon Dec 22 23:10:38 PST 2014; root:xnu-2782.10.72~2/RELEASE_X86_64 x86_64
rlimit: STACK 8192k, CORE 0k, NPROC 709, NOFILE 10240, AS infinity
load average:1.86 1.62 1.46

CPU:total 4 (2 cores per cpu, 2 threads per core) family 6 model 69 stepping 1, cmov, cx8, fxsr, mmx, sse, sse2, sse3, ssse3, sse4.1, sse4.2, popcnt, avx, avx2, aes, clmul, erms, lzcnt, ht, tsc, tscinvbit, bmi1, bmi2

Memory: 4k page, physical 4194304k(31052k free)

/proc/meminfo:


vm_info: Java HotSpot(TM) 64-Bit Server VM (25.45-b02) for bsd-amd64 JRE (1.8.0_45-b14), built on Apr 10 2015 10:46:38 by "java_re" with gcc 4.2.1 (Based on Apple Inc. build 5658) (LLVM build 2336.11.00)

time: Thu May 28 19:40:55 2015
elapsed time: 2 seconds (0d 0h 0m 2s)

