#
# A fatal error has been detected by the Java Runtime Environment:
#
#  SIGSEGV (0xb) at pc=0x0000000106d06b23, pid=6864, tid=1811
#
# JRE version: Java(TM) SE Runtime Environment (8.0_45-b14) (build 1.8.0_45-b14)
# Java VM: Java HotSpot(TM) 64-Bit Server VM (25.45-b02 mixed mode bsd-amd64 compressed oops)
# Problematic frame:
# V  [libjvm.dylib+0x306b23]
#
# Failed to write core dump. Core dumps have been disabled. To enable core dumping, try "ulimit -c unlimited" before starting Java again
#
# If you would like to submit a bug report, please visit:
#   http://bugreport.java.com/bugreport/crash.jsp
#

---------------  T H R E A D  ---------------

Current thread (0x00007fb1db838000):  JavaThread "AppKit Thread" daemon [_thread_in_vm, id=1811, stack(0x00007fff593a8000,0x00007fff59ba8000)]

siginfo: si_signo: 11 (SIGSEGV), si_code: 1 (SEGV_MAPERR), si_addr: 0x0000000000000000

Registers:
RAX=0x00000001072b8494, RBX=0x0000000000000000, RCX=0x00000001071fa190, RDX=0x0000000000000000
RSP=0x00007fff59ba4f50, RBP=0x00007fff59ba4fa0, RSI=0x0000000000000000, RDI=0x00007fb1db8381f8
R8 =0x0000000000000014, R9 =0x00007fb1da6083a0, R10=0x00007fb1dc36f470, R11=0x00007fff76f94ba0
R12=0x0000000000000016, R13=0x00007fff8de7f0c0, R14=0x00007fb1db8381f8, R15=0x00007fb1db838000
RIP=0x0000000106d06b23, EFLAGS=0x0000000000010202, ERR=0x0000000000000004
  TRAPNO=0x000000000000000e

Top of Stack: (sp=0x00007fff59ba4f50)
0x00007fff59ba4f50:   00007fff59ba4f98 00007fb1db838000
0x00007fff59ba4f60:   0000000000000000 0000000106d15e80
0x00007fff59ba4f70:   00007fb1da46c8e0 00007fb1db838000
0x00007fff59ba4f80:   00007fb1db838000 00007fb1da46c8e0
0x00007fff59ba4f90:   00007fb1da770270 00007fb1db8381f8
0x00007fff59ba4fa0:   00007fff59ba5000 00000001213ed3a7
0x00007fff59ba4fb0:   00007fb1da770270 00007fff76da7a20
0x00007fff59ba4fc0:   00000000ffffffff fffffffbffffffff
0x00007fff59ba4fd0:   40fad0d35f37e0d3 00007fb1da46c8e0
0x00007fff59ba4fe0:   0000000000000016 00007fff8de7f0c0
0x00007fff59ba4ff0:   00007fb1da770270 fffffffbffffffff
0x00007fff59ba5000:   00007fff59ba51f0 00007fff8b2769b6
0x00007fff59ba5010:   00007fb1da5b92f0 0000000000000000
0x00007fff59ba5020:   00007fff59ba509c 00007fff59ba50a0
0x00007fff59ba5030:   00007fff59ba50a4 00007fb1da7253d0
0x00007fff59ba5040:   ffffffffffffffff 0001206800000040
0x00007fff59ba5050:   00007fb1da7253e8 00007fb1da7253d0
0x00007fff59ba5060:   0000000000000002 0000000000001341
0x00007fff59ba5070:   00007fb1da7253c0 00007fff8b4a65bd
0x00007fff59ba5080:   00007fff59ba50c0 00007fff00000000
0x00007fff59ba5090:   0000000000100108 00007fb1da46c8e0
0x00007fff59ba50a0:   00007fb1da770ea0 00007fb1da7253d0
0x00007fff59ba50b0:   00007fb1da7253c0 00007fff8b4a65bd
0x00007fff59ba50c0:   00007fff59ba5110 00007fff91c26f15
0x00007fff59ba50d0:   00007fff8de7f0c0 0000000000001341
0x00007fff59ba50e0:   00007fb1da61e010 00007fb1da584b30
0x00007fff59ba50f0:   00007fff59ba5110 00007fb1da770ea0
0x00007fff59ba5100:   0000000000000000 0000000000000001
0x00007fff59ba5110:   00007fff59ba5230 00007fff8acae740
0x00007fff59ba5120:   00007fb1da72b408 0000000000000000
0x00007fff59ba5130:   0000000000000000 00007fb1da7253c0
0x00007fff59ba5140:   0000000000000002 00007fb1da584be0 

Instructions: (pc=0x0000000106d06b23)
0x0000000106d06b03:   74 09 48 8d 7d b8 e8 6e 44 19 00 4c 89 f7 48 89
0x0000000106d06b13:   de 90 0f 1f 40 00 48 8d 05 74 19 5b 00 80 38 00
0x0000000106d06b23:   48 8b 03 74 15 48 8d 15 f1 e9 50 00 8a 4a 08 8b
0x0000000106d06b33:   40 08 48 d3 e0 48 03 02 eb 04 48 8b 40 08 48 8b 

Register to memory mapping:

RAX=0x00000001072b8494: UseCompressedClassPointers+0 in /Library/Java/JavaVirtualMachines/jdk1.8.0_45.jdk/Contents/Home/jre/lib/server/libjvm.dylib at 0x0000000106a00000
RBX=0x0000000000000000 is an unknown value
RCX=0x00000001071fa190: UseMembar+0 in /Library/Java/JavaVirtualMachines/jdk1.8.0_45.jdk/Contents/Home/jre/lib/server/libjvm.dylib at 0x0000000106a00000
RDX=0x0000000000000000 is an unknown value
RSP=0x00007fff59ba4f50 is pointing into the stack for thread: 0x00007fb1db838000
RBP=0x00007fff59ba4fa0 is pointing into the stack for thread: 0x00007fb1db838000
RSI=0x0000000000000000 is an unknown value
RDI=0x00007fb1db8381f8 is an unknown value
R8 =0x0000000000000014 is an unknown value
R9 =0x00007fb1da6083a0 is an unknown value
R10=0x00007fb1dc36f470 is an unknown value
R11=0x00007fff76f94ba0: OBJC_CLASS_$_NSEvent+0 in /System/Library/Frameworks/AppKit.framework/Versions/C/AppKit at 0x00007fff8ab26000
R12=0x0000000000000016 is an unknown value
R13=0x00007fff8de7f0c0: objc_msgSend+0 in /usr/lib/libobjc.A.dylib at 0x00007fff8de7e000
R14=0x00007fb1db8381f8 is an unknown value
R15=0x00007fb1db838000 is a thread


Stack: [0x00007fff593a8000,0x00007fff59ba8000],  sp=0x00007fff59ba4f50,  free space=8179k
Native frames: (J=compiled Java code, j=interpreted, Vv=VM code, C=native code)
V  [libjvm.dylib+0x306b23]
C  [liblwjgl.dylib+0xb3a7]  -[MacOSXOpenGLView scrollWheel:]+0x77
C  [AppKit+0x7509b6]  -[NSWindow _reallySendEvent:]+0x114f
C  [AppKit+0x1d916e]  -[NSWindow sendEvent:]+0x1be
C  [AppKit+0x18abd3]  -[NSApplication sendEvent:]+0x7d9
C  [libosxapp.dylib+0x23ac]  -[NSApplicationAWT sendEvent:]+0x109
C  [AppKit+0x17608]  -[NSApplication run]+0x2c7
C  [libosxapp.dylib+0x223e]  +[NSApplicationAWT runAWTLoopWithApp:]+0x9c
C  [libawt_lwawt.dylib+0x4462b]  -[AWTStarter starter:]+0x389
C  [Foundation+0x65cdc]  __NSThreadPerformPerform+0x125
C  [CoreFoundation+0x80681]  __CFRUNLOOP_IS_CALLING_OUT_TO_A_SOURCE0_PERFORM_FUNCTION__+0x11
C  [CoreFoundation+0x7280d]  __CFRunLoopDoSources0+0x10d
C  [CoreFoundation+0x71e3f]  __CFRunLoopRun+0x39f
C  [CoreFoundation+0x71858]  CFRunLoopRunSpecific+0x128
C  [java+0x6490]  CreateExecutionEnvironment+0x367
C  [java+0x221c]  JLI_Launch+0x7a0
C  [java+0x84ed]  main+0x65
C  [java+0x1a74]  start+0x34
C  0x0000000000000006


---------------  P R O C E S S  ---------------

Java Threads: ( => current thread )
  0x00007fb1db0b4000 JavaThread "AWT-Shutdown" [_thread_blocked, id=51467, stack(0x000000012365d000,0x000000012375d000)]
  0x00007fb1db1a0000 JavaThread "Java2D Queue Flusher" daemon [_thread_blocked, id=50951, stack(0x00000001226b8000,0x00000001227b8000)]
  0x00007fb1db148000 JavaThread "Java2D Disposer" daemon [_thread_blocked, id=49455, stack(0x0000000122588000,0x0000000122688000)]
=>0x00007fb1db838000 JavaThread "AppKit Thread" daemon [_thread_in_vm, id=1811, stack(0x00007fff593a8000,0x00007fff59ba8000)]
  0x00007fb1db82e800 JavaThread "Service Thread" daemon [_thread_blocked, id=18179, stack(0x000000011d198000,0x000000011d298000)]
  0x00007fb1db045000 JavaThread "C1 CompilerThread2" daemon [_thread_blocked, id=17667, stack(0x000000011d095000,0x000000011d195000)]
  0x00007fb1db044800 JavaThread "C2 CompilerThread1" daemon [_thread_blocked, id=17155, stack(0x000000011cf92000,0x000000011d092000)]
  0x00007fb1db04c800 JavaThread "C2 CompilerThread0" daemon [_thread_blocked, id=16643, stack(0x000000011ce8f000,0x000000011cf8f000)]
  0x00007fb1db815800 JavaThread "Signal Dispatcher" daemon [_thread_blocked, id=13335, stack(0x000000011cd8c000,0x000000011ce8c000)]
  0x00007fb1db80d800 JavaThread "Finalizer" daemon [_thread_blocked, id=11523, stack(0x000000011b43d000,0x000000011b53d000)]
  0x00007fb1db80c800 JavaThread "Reference Handler" daemon [_thread_blocked, id=11011, stack(0x000000011b33a000,0x000000011b43a000)]
  0x00007fb1db008800 JavaThread "main" [_thread_in_native, id=4867, stack(0x000000010796a000,0x0000000107a6a000)]

Other Threads:
  0x00007fb1da811000 VMThread [stack: 0x000000011b237000,0x000000011b337000] [id=10499]
  0x00007fb1db82f000 WatcherThread [stack: 0x000000011d29b000,0x000000011d39b000] [id=18691]

VM state:not at safepoint (normal execution)

VM Mutex/Monitor currently owned by a thread: None

Heap:
 PSYoungGen      total 122368K, used 31738K [0x00000007aab00000, 0x00000007b5680000, 0x00000007c0000000)
  eden space 102912K, 12% used [0x00000007aab00000,0x00000007ab807a20,0x00000007b0f80000)
  from space 19456K, 94% used [0x00000007b0f80000,0x00000007b2177100,0x00000007b2280000)
  to   space 23040K, 0% used [0x00000007b4000000,0x00000007b4000000,0x00000007b5680000)
 ParOldGen       total 239104K, used 130569K [0x0000000780000000, 0x000000078e980000, 0x00000007aab00000)
  object space 239104K, 54% used [0x0000000780000000,0x0000000787f82558,0x000000078e980000)
 Metaspace       used 11469K, capacity 11613K, committed 11776K, reserved 1060864K
  class space    used 1205K, capacity 1277K, committed 1280K, reserved 1048576K

Card table byte_map: [0x0000000116e2c000,0x000000011702d000] byte_map_base: 0x000000011322c000

Marking Bits: (ParMarkBitMap*) 0x00000001072c27a0
 Begin Bits: [0x000000011758f000, 0x000000011858f000)
 End Bits:   [0x000000011858f000, 0x000000011958f000)

Polling page: 0x00000001061b1000

CodeCache: size=245760Kb used=4885Kb max_used=4885Kb free=240874Kb
 bounds [0x0000000107a6c000, 0x0000000107f3c000, 0x0000000116a6c000]
 total_blobs=1785 nmethods=1260 adapters=439
 compilation: enabled

Compilation events (10 events):
Event: 18.999 Thread 0x00007fb1db045000 1256       3       java.nio.Bits::makeInt (29 bytes)
Event: 18.999 Thread 0x00007fb1db045000 nmethod 1256 0x0000000107f331d0 code [0x0000000107f33320, 0x0000000107f33470]
Event: 19.382 Thread 0x00007fb1db045000 1257   !   3       org.lwjgl.input.Mouse::isButtonDown (61 bytes)
Event: 19.383 Thread 0x00007fb1db045000 nmethod 1257 0x0000000107f33510 code [0x0000000107f336c0, 0x0000000107f33cb8]
Event: 20.000 Thread 0x00007fb1db045000 1258       3       java.lang.Short::valueOf (33 bytes)
Event: 20.000 Thread 0x00007fb1db045000 nmethod 1258 0x0000000107f33f10 code [0x0000000107f340a0, 0x0000000107f343f0]
Event: 20.000 Thread 0x00007fb1db045000 1259       3       java.lang.Short::hashCode (8 bytes)
Event: 20.001 Thread 0x00007fb1db045000 nmethod 1259 0x0000000107f345d0 code [0x0000000107f34740, 0x0000000107f348f0]
Event: 20.161 Thread 0x00007fb1db045000 1260       3       java.lang.Object::wait (6 bytes)
Event: 20.161 Thread 0x00007fb1db045000 nmethod 1260 0x0000000107f34990 code [0x0000000107f34b00, 0x0000000107f34d08]

GC Heap History (10 events):
Event: 3.369 GC heap before
{Heap before GC invocations=12 (full 3):
 PSYoungGen      total 82432K, used 128K [0x00000007aab00000, 0x00000007b1c80000, 0x00000007c0000000)
  eden space 68096K, 0% used [0x00000007aab00000,0x00000007aab00000,0x00000007aed80000)
  from space 14336K, 0% used [0x00000007aed80000,0x00000007aeda0000,0x00000007afb80000)
  to   space 13824K, 0% used [0x00000007b0f00000,0x00000007b0f00000,0x00000007b1c80000)
 ParOldGen       total 240128K, used 235813K [0x0000000780000000, 0x000000078ea80000, 0x00000007aab00000)
  object space 240128K, 98% used [0x0000000780000000,0x000000078e649478,0x000000078ea80000)
 Metaspace       used 10962K, capacity 11121K, committed 11264K, reserved 1058816K
  class space    used 1185K, capacity 1243K, committed 1280K, reserved 1048576K
Event: 3.406 GC heap after
Heap after GC invocations=12 (full 3):
 PSYoungGen      total 82432K, used 0K [0x00000007aab00000, 0x00000007b1c80000, 0x00000007c0000000)
  eden space 68096K, 0% used [0x00000007aab00000,0x00000007aab00000,0x00000007aed80000)
  from space 14336K, 0% used [0x00000007aed80000,0x00000007aed80000,0x00000007afb80000)
  to   space 13824K, 0% used [0x00000007b0f00000,0x00000007b0f00000,0x00000007b1c80000)
 ParOldGen       total 239104K, used 113806K [0x0000000780000000, 0x000000078e980000, 0x00000007aab00000)
  object space 239104K, 47% used [0x0000000780000000,0x0000000786f23928,0x000000078e980000)
 Metaspace       used 10962K, capacity 11121K, committed 11264K, reserved 1058816K
  class space    used 1185K, capacity 1243K, committed 1280K, reserved 1048576K
}
Event: 3.515 GC heap before
{Heap before GC invocations=13 (full 3):
 PSYoungGen      total 82432K, used 68096K [0x00000007aab00000, 0x00000007b1c80000, 0x00000007c0000000)
  eden space 68096K, 100% used [0x00000007aab00000,0x00000007aed80000,0x00000007aed80000)
  from space 14336K, 0% used [0x00000007aed80000,0x00000007aed80000,0x00000007afb80000)
  to   space 13824K, 0% used [0x00000007b0f00000,0x00000007b0f00000,0x00000007b1c80000)
 ParOldGen       total 239104K, used 113806K [0x0000000780000000, 0x000000078e980000, 0x00000007aab00000)
  object space 239104K, 47% used [0x0000000780000000,0x0000000786f23928,0x000000078e980000)
 Metaspace       used 10962K, capacity 11121K, committed 11264K, reserved 1058816K
  class space    used 1185K, capacity 1243K, committed 1280K, reserved 1048576K
Event: 3.516 GC heap after
Heap after GC invocations=13 (full 3):
 PSYoungGen      total 98304K, used 0K [0x00000007aab00000, 0x00000007b1980000, 0x00000007c0000000)
  eden space 87552K, 0% used [0x00000007aab00000,0x00000007aab00000,0x00000007b0080000)
  from space 10752K, 0% used [0x00000007b0f00000,0x00000007b0f00000,0x00000007b1980000)
  to   space 12800K, 0% used [0x00000007b0080000,0x00000007b0080000,0x00000007b0d00000)
 ParOldGen       total 239104K, used 113806K [0x0000000780000000, 0x000000078e980000, 0x00000007aab00000)
  object space 239104K, 47% used [0x0000000780000000,0x0000000786f23928,0x000000078e980000)
 Metaspace       used 10962K, capacity 11121K, committed 11264K, reserved 1058816K
  class space    used 1185K, capacity 1243K, committed 1280K, reserved 1048576K
}
Event: 3.676 GC heap before
{Heap before GC invocations=14 (full 3):
 PSYoungGen      total 98304K, used 87552K [0x00000007aab00000, 0x00000007b1980000, 0x00000007c0000000)
  eden space 87552K, 100% used [0x00000007aab00000,0x00000007b0080000,0x00000007b0080000)
  from space 10752K, 0% used [0x00000007b0f00000,0x00000007b0f00000,0x00000007b1980000)
  to   space 12800K, 0% used [0x00000007b0080000,0x00000007b0080000,0x00000007b0d00000)
 ParOldGen       total 239104K, used 113806K [0x0000000780000000, 0x000000078e980000, 0x00000007aab00000)
  object space 239104K, 47% used [0x0000000780000000,0x0000000786f23928,0x000000078e980000)
 Metaspace       used 10962K, capacity 11121K, committed 11264K, reserved 1058816K
  class space    used 1185K, capacity 1243K, committed 1280K, reserved 1048576K
Event: 3.677 GC heap after
Heap after GC invocations=14 (full 3):
 PSYoungGen      total 100352K, used 0K [0x00000007aab00000, 0x00000007b2e80000, 0x00000007c0000000)
  eden space 87552K, 0% used [0x00000007aab00000,0x00000007aab00000,0x00000007b0080000)
  from space 12800K, 0% used [0x00000007b0080000,0x00000007b0080000,0x00000007b0d00000)
  to   space 12288K, 0% used [0x00000007b2280000,0x00000007b2280000,0x00000007b2e80000)
 ParOldGen       total 239104K, used 113806K [0x0000000780000000, 0x000000078e980000, 0x00000007aab00000)
  object space 239104K, 47% used [0x0000000780000000,0x0000000786f23928,0x000000078e980000)
 Metaspace       used 10962K, capacity 11121K, committed 11264K, reserved 1058816K
  class space    used 1185K, capacity 1243K, committed 1280K, reserved 1048576K
}
Event: 4.149 GC heap before
{Heap before GC invocations=15 (full 3):
 PSYoungGen      total 100352K, used 87552K [0x00000007aab00000, 0x00000007b2e80000, 0x00000007c0000000)
  eden space 87552K, 100% used [0x00000007aab00000,0x00000007b0080000,0x00000007b0080000)
  from space 12800K, 0% used [0x00000007b0080000,0x00000007b0080000,0x00000007b0d00000)
  to   space 12288K, 0% used [0x00000007b2280000,0x00000007b2280000,0x00000007b2e80000)
 ParOldGen       total 239104K, used 113806K [0x0000000780000000, 0x000000078e980000, 0x00000007aab00000)
  object space 239104K, 47% used [0x0000000780000000,0x0000000786f23928,0x000000078e980000)
 Metaspace       used 11049K, capacity 11185K, committed 11264K, reserved 1058816K
  class space    used 1191K, capacity 1243K, committed 1280K, reserved 1048576K
Event: 4.161 GC heap after
Heap after GC invocations=15 (full 3):
 PSYoungGen      total 115200K, used 12256K [0x00000007aab00000, 0x00000007b3c00000, 0x00000007c0000000)
  eden space 102912K, 0% used [0x00000007aab00000,0x00000007aab00000,0x00000007b0f80000)
  from space 12288K, 99% used [0x00000007b2280000,0x00000007b2e780e0,0x00000007b2e80000)
  to   space 19456K, 0% used [0x00000007b0f80000,0x00000007b0f80000,0x00000007b2280000)
 ParOldGen       total 239104K, used 125813K [0x0000000780000000, 0x000000078e980000, 0x00000007aab00000)
  object space 239104K, 52% used [0x0000000780000000,0x0000000787add548,0x000000078e980000)
 Metaspace       used 11049K, capacity 11185K, committed 11264K, reserved 1058816K
  class space    used 1191K, capacity 1243K, committed 1280K, reserved 1048576K
}
Event: 4.515 GC heap before
{Heap before GC invocations=16 (full 3):
 PSYoungGen      total 115200K, used 115168K [0x00000007aab00000, 0x00000007b3c00000, 0x00000007c0000000)
  eden space 102912K, 100% used [0x00000007aab00000,0x00000007b0f80000,0x00000007b0f80000)
  from space 12288K, 99% used [0x00000007b2280000,0x00000007b2e780e0,0x00000007b2e80000)
  to   space 19456K, 0% used [0x00000007b0f80000,0x00000007b0f80000,0x00000007b2280000)
 ParOldGen       total 239104K, used 125813K [0x0000000780000000, 0x000000078e980000, 0x00000007aab00000)
  object space 239104K, 52% used [0x0000000780000000,0x0000000787add548,0x000000078e980000)
 Metaspace       used 11049K, capacity 11185K, committed 11264K, reserved 1058816K
  class space    used 1191K, capacity 1243K, committed 1280K, reserved 1048576K
Event: 4.526 GC heap after
Heap after GC invocations=16 (full 3):
 PSYoungGen      total 122368K, used 18396K [0x00000007aab00000, 0x00000007b5680000, 0x00000007c0000000)
  eden space 102912K, 0% used [0x00000007aab00000,0x00000007aab00000,0x00000007b0f80000)
  from space 19456K, 94% used [0x00000007b0f80000,0x00000007b2177100,0x00000007b2280000)
  to   space 23040K, 0% used [0x00000007b4000000,0x00000007b4000000,0x00000007b5680000)
 ParOldGen       total 239104K, used 130569K [0x0000000780000000, 0x000000078e980000, 0x00000007aab00000)
  object space 239104K, 54% used [0x0000000780000000,0x0000000787f82558,0x000000078e980000)
 Metaspace       used 11049K, capacity 11185K, committed 11264K, reserved 1058816K
  class space    used 1191K, capacity 1243K, committed 1280K, reserved 1048576K
}

Deoptimization events (10 events):
Event: 3.870 Thread 0x00007fb1db008800 Uncommon trap: reason=class_check action=maybe_recompile pc=0x0000000107d5185c method=java.util.zip.InflaterInputStream.fill()V @ 19
Event: 3.873 Thread 0x00007fb1db008800 Uncommon trap: reason=class_check action=maybe_recompile pc=0x0000000107d5185c method=java.util.zip.InflaterInputStream.fill()V @ 19
Event: 3.874 Thread 0x00007fb1db008800 Uncommon trap: reason=class_check action=maybe_recompile pc=0x0000000107d5185c method=java.util.zip.InflaterInputStream.fill()V @ 19
Event: 3.879 Thread 0x00007fb1db008800 Uncommon trap: reason=unstable_if action=reinterpret pc=0x0000000107d586f4 method=org.newdawn.slick.SpriteSheet.initImpl()V @ 4
Event: 3.885 Thread 0x00007fb1db008800 Uncommon trap: reason=class_check action=maybe_recompile pc=0x0000000107d5185c method=java.util.zip.InflaterInputStream.fill()V @ 19
Event: 3.917 Thread 0x00007fb1db008800 Uncommon trap: reason=unstable_if action=reinterpret pc=0x0000000107d42960 method=javax.imageio.stream.FileCacheImageInputStream.readUntil(J)J @ 6
Event: 3.917 Thread 0x00007fb1db008800 Uncommon trap: reason=unstable_if action=reinterpret pc=0x0000000107d45a50 method=javax.imageio.stream.FileCacheImageInputStream.readUntil(J)J @ 6
Event: 3.954 Thread 0x00007fb1db008800 Uncommon trap: reason=unstable_if action=reinterpret pc=0x0000000107d79748 method=java.awt.ColorPaintContext.getRaster(IIII)Ljava/awt/image/Raster; @ 8
Event: 4.057 Thread 0x00007fb1db008800 Uncommon trap: reason=unstable_if action=reinterpret pc=0x0000000107d80378 method=org.newdawn.slick.opengl.ImageIOImageData.imageToByteBuffer(Ljava/awt/image/BufferedImage;ZZ[I)Ljava/nio/ByteBuffer; @ 398
Event: 4.078 Thread 0x00007fb1db008800 Uncommon trap: reason=unstable_if action=reinterpret pc=0x0000000107d4ecfc method=com.sun.imageio.plugins.common.SubImageInputStream.read([BII)I @ 4

Internal exceptions (10 events):
Event: 0.217 Thread 0x00007fb1db008800 Exception <a 'java/security/PrivilegedActionException'> (0x00000007aadbba78) thrown at [/Users/java_re/workspace/8-2-build-macosx-x86_64/jdk8u45/3457/hotspot/src/share/vm/prims/jvm.cpp, line 1382]
Event: 0.217 Thread 0x00007fb1db008800 Exception <a 'java/security/PrivilegedActionException'> (0x00000007aadbbc30) thrown at [/Users/java_re/workspace/8-2-build-macosx-x86_64/jdk8u45/3457/hotspot/src/share/vm/prims/jvm.cpp, line 1382]
Event: 0.430 Thread 0x00007fb1db008800 Exception <a 'java/io/FileNotFoundException'> (0x00000007aadc0d28) thrown at [/Users/java_re/workspace/8-2-build-macosx-x86_64/jdk8u45/3457/hotspot/src/share/vm/prims/jni.cpp, line 709]
Event: 0.430 Thread 0x00007fb1db008800 Exception <a 'java/io/FileNotFoundException'> (0x00000007aadc1848) thrown at [/Users/java_re/workspace/8-2-build-macosx-x86_64/jdk8u45/3457/hotspot/src/share/vm/prims/jni.cpp, line 709]
Event: 0.503 Thread 0x00007fb1db838000 Exception <a 'java/lang/NoSuchFieldError': method resolution failed> (0x00000007aaf5af58) thrown at [/Users/java_re/workspace/8-2-build-macosx-x86_64/jdk8u45/3457/hotspot/src/share/vm/prims/methodHandles.cpp, line 1125]
Event: 0.507 Thread 0x00007fb1db838000 Exception <a 'java/lang/NoSuchFieldError': method resolution failed> (0x00000007aaf695c8) thrown at [/Users/java_re/workspace/8-2-build-macosx-x86_64/jdk8u45/3457/hotspot/src/share/vm/prims/methodHandles.cpp, line 1125]
Event: 0.806 Thread 0x00007fb1db008800 Exception <a 'java/lang/NoClassDefFoundError': net/java/games/input/ControllerEnvironment> (0x00000007ab43ee68) thrown at [/Users/java_re/workspace/8-2-build-macosx-x86_64/jdk8u45/3457/hotspot/src/share/vm/classfile/systemDictionary.cpp, line 199]
Event: 1.179 Thread 0x00007fb1db008800 Implicit null exception at 0x0000000107d15366 to 0x0000000107d15935
Event: 1.179 Thread 0x00007fb1db008800 Implicit null exception at 0x0000000107cef6a4 to 0x0000000107cef8d1
Event: 3.954 Thread 0x00007fb1db008800 Implicit null exception at 0x0000000107d7956b to 0x0000000107d79735

Events (10 events):
Event: 4.746 loading class org/lwjgl/opengl/Sync$RunningAvg done
Event: 5.364 Thread 0x00007fb1db0b4000 Thread added: 0x00007fb1db0b4000
Event: 6.899 loading class java/lang/Math$RandomNumberGeneratorHolder
Event: 6.899 loading class java/lang/Math$RandomNumberGeneratorHolder done
Event: 7.463 Thread 0x00007fb1db008800 DEOPT PACKING pc=0x0000000107e925d3 sp=0x0000000107a69600
Event: 7.463 Thread 0x00007fb1db008800 DEOPT UNPACKING pc=0x0000000107ab3633 sp=0x0000000107a69430 mode 0
Event: 17.349 Thread 0x00007fb1db008800 DEOPT PACKING pc=0x0000000107ea0150 sp=0x0000000107a692f0
Event: 17.349 Thread 0x00007fb1db008800 DEOPT UNPACKING pc=0x0000000107ab3633 sp=0x0000000107a69098 mode 0
Event: 20.201 loading class org/lwjgl/opengl/CallbackUtil
Event: 20.201 loading class org/lwjgl/opengl/CallbackUtil done


Dynamic libraries:
0x0000000006290000 	/System/Library/Frameworks/Cocoa.framework/Versions/A/Cocoa
0x0000000006290000 	/System/Library/Frameworks/Security.framework/Versions/A/Security
0x0000000006290000 	/System/Library/Frameworks/ApplicationServices.framework/Versions/A/ApplicationServices
0x0000000006290000 	/usr/lib/libz.1.dylib
0x0000000006290000 	/usr/lib/libSystem.B.dylib
0x0000000006290000 	/usr/lib/libobjc.A.dylib
0x0000000006290000 	/System/Library/Frameworks/CoreFoundation.framework/Versions/A/CoreFoundation
0x0000000006290000 	/System/Library/Frameworks/Foundation.framework/Versions/C/Foundation
0x0000000006290000 	/System/Library/Frameworks/AppKit.framework/Versions/C/AppKit
0x0000000006290000 	/System/Library/Frameworks/CoreData.framework/Versions/A/CoreData
0x0000000006290000 	/System/Library/PrivateFrameworks/RemoteViewServices.framework/Versions/A/RemoteViewServices
0x0000000006290000 	/System/Library/PrivateFrameworks/UIFoundation.framework/Versions/A/UIFoundation
0x0000000006290000 	/System/Library/Frameworks/IOSurface.framework/Versions/A/IOSurface
0x0000000006290000 	/System/Library/Frameworks/AudioToolbox.framework/Versions/A/AudioToolbox
0x0000000006290000 	/System/Library/Frameworks/AudioUnit.framework/Versions/A/AudioUnit
0x0000000006290000 	/System/Library/PrivateFrameworks/DataDetectorsCore.framework/Versions/A/DataDetectorsCore
0x0000000006290000 	/System/Library/PrivateFrameworks/DesktopServicesPriv.framework/Versions/A/DesktopServicesPriv
0x0000000006290000 	/System/Library/Frameworks/Carbon.framework/Versions/A/Frameworks/HIToolbox.framework/Versions/A/HIToolbox
0x0000000006290000 	/System/Library/Frameworks/QuartzCore.framework/Versions/A/QuartzCore
0x0000000006290000 	/System/Library/Frameworks/Carbon.framework/Versions/A/Frameworks/SpeechRecognition.framework/Versions/A/SpeechRecognition
0x0000000006290000 	/usr/lib/libauto.dylib
0x0000000006290000 	/usr/lib/libicucore.A.dylib
0x0000000006290000 	/usr/lib/libxml2.2.dylib
0x0000000006290000 	/System/Library/PrivateFrameworks/CoreUI.framework/Versions/A/CoreUI
0x0000000006290000 	/System/Library/Frameworks/CoreAudio.framework/Versions/A/CoreAudio
0x0000000006290000 	/System/Library/Frameworks/DiskArbitration.framework/Versions/A/DiskArbitration
0x0000000006290000 	/usr/lib/liblangid.dylib
0x0000000006290000 	/System/Library/PrivateFrameworks/MultitouchSupport.framework/Versions/A/MultitouchSupport
0x0000000006290000 	/System/Library/Frameworks/IOKit.framework/Versions/A/IOKit
0x0000000006290000 	/usr/lib/libDiagnosticMessagesClient.dylib
0x0000000006290000 	/System/Library/Frameworks/CoreServices.framework/Versions/A/CoreServices
0x0000000006290000 	/System/Library/PrivateFrameworks/PerformanceAnalysis.framework/Versions/A/PerformanceAnalysis
0x0000000006290000 	/System/Library/PrivateFrameworks/GenerationalStorage.framework/Versions/A/GenerationalStorage
0x0000000006290000 	/System/Library/Frameworks/OpenGL.framework/Versions/A/OpenGL
0x0000000006290000 	/System/Library/PrivateFrameworks/Sharing.framework/Versions/A/Sharing
0x0000000006290000 	/System/Library/Frameworks/CoreGraphics.framework/Versions/A/CoreGraphics
0x0000000006290000 	/System/Library/Frameworks/CoreText.framework/Versions/A/CoreText
0x0000000006290000 	/System/Library/Frameworks/ImageIO.framework/Versions/A/ImageIO
0x0000000006290000 	/usr/lib/libextension.dylib
0x0000000006290000 	/System/Library/PrivateFrameworks/Backup.framework/Versions/A/Backup
0x0000000006290000 	/usr/lib/libarchive.2.dylib
0x0000000006290000 	/System/Library/Frameworks/CFNetwork.framework/Versions/A/CFNetwork
0x0000000006290000 	/System/Library/Frameworks/SystemConfiguration.framework/Versions/A/SystemConfiguration
0x0000000006290000 	/usr/lib/libCRFSuite.dylib
0x0000000006290000 	/usr/lib/libc++.1.dylib
0x0000000006290000 	/usr/lib/libc++abi.dylib
0x0000000006290000 	/usr/lib/system/libcache.dylib
0x0000000006290000 	/usr/lib/system/libcommonCrypto.dylib
0x0000000006290000 	/usr/lib/system/libcompiler_rt.dylib
0x0000000006290000 	/usr/lib/system/libcopyfile.dylib
0x0000000006290000 	/usr/lib/system/libcorecrypto.dylib
0x0000000006290000 	/usr/lib/system/libdispatch.dylib
0x0000000006290000 	/usr/lib/system/libdyld.dylib
0x0000000006290000 	/usr/lib/system/libkeymgr.dylib
0x0000000006290000 	/usr/lib/system/liblaunch.dylib
0x0000000006290000 	/usr/lib/system/libmacho.dylib
0x0000000006290000 	/usr/lib/system/libquarantine.dylib
0x0000000006290000 	/usr/lib/system/libremovefile.dylib
0x0000000006290000 	/usr/lib/system/libsystem_asl.dylib
0x0000000006290000 	/usr/lib/system/libsystem_blocks.dylib
0x0000000006290000 	/usr/lib/system/libsystem_c.dylib
0x0000000006290000 	/usr/lib/system/libsystem_configuration.dylib
0x0000000006290000 	/usr/lib/system/libsystem_coreservices.dylib
0x0000000006290000 	/usr/lib/system/libsystem_coretls.dylib
0x0000000006290000 	/usr/lib/system/libsystem_dnssd.dylib
0x0000000006290000 	/usr/lib/system/libsystem_info.dylib
0x0000000006290000 	/usr/lib/system/libsystem_kernel.dylib
0x0000000006290000 	/usr/lib/system/libsystem_m.dylib
0x0000000006290000 	/usr/lib/system/libsystem_malloc.dylib
0x0000000006290000 	/usr/lib/system/libsystem_network.dylib
0x0000000006290000 	/usr/lib/system/libsystem_networkextension.dylib
0x0000000006290000 	/usr/lib/system/libsystem_notify.dylib
0x0000000006290000 	/usr/lib/system/libsystem_platform.dylib
0x0000000006290000 	/usr/lib/system/libsystem_pthread.dylib
0x0000000006290000 	/usr/lib/system/libsystem_sandbox.dylib
0x0000000006290000 	/usr/lib/system/libsystem_secinit.dylib
0x0000000006290000 	/usr/lib/system/libsystem_stats.dylib
0x0000000006290000 	/usr/lib/system/libsystem_trace.dylib
0x0000000006290000 	/usr/lib/system/libunc.dylib
0x0000000006290000 	/usr/lib/system/libunwind.dylib
0x0000000006290000 	/usr/lib/system/libxpc.dylib
0x0000000006290000 	/usr/lib/libbz2.1.0.dylib
0x0000000006290000 	/usr/lib/liblzma.5.dylib
0x0000000006290000 	/usr/lib/libbsm.0.dylib
0x0000000006290000 	/usr/lib/libsqlite3.dylib
0x0000000006290000 	/usr/lib/system/libkxld.dylib
0x0000000006290000 	/usr/lib/libxar.1.dylib
0x0000000006290000 	/usr/lib/libpam.2.dylib
0x0000000006290000 	/usr/lib/libOpenScriptingUtil.dylib
0x0000000006290000 	/System/Library/Frameworks/CoreServices.framework/Versions/A/Frameworks/FSEvents.framework/Versions/A/FSEvents
0x0000000006290000 	/System/Library/Frameworks/CoreServices.framework/Versions/A/Frameworks/CarbonCore.framework/Versions/A/CarbonCore
0x0000000006290000 	/System/Library/Frameworks/CoreServices.framework/Versions/A/Frameworks/Metadata.framework/Versions/A/Metadata
0x0000000006290000 	/System/Library/Frameworks/CoreServices.framework/Versions/A/Frameworks/OSServices.framework/Versions/A/OSServices
0x0000000006290000 	/System/Library/Frameworks/CoreServices.framework/Versions/A/Frameworks/SearchKit.framework/Versions/A/SearchKit
0x0000000006290000 	/System/Library/Frameworks/CoreServices.framework/Versions/A/Frameworks/AE.framework/Versions/A/AE
0x0000000006290000 	/System/Library/Frameworks/CoreServices.framework/Versions/A/Frameworks/LaunchServices.framework/Versions/A/LaunchServices
0x0000000006290000 	/System/Library/Frameworks/CoreServices.framework/Versions/A/Frameworks/DictionaryServices.framework/Versions/A/DictionaryServices
0x0000000006290000 	/System/Library/Frameworks/NetFS.framework/Versions/A/NetFS
0x0000000006290000 	/System/Library/PrivateFrameworks/NetAuth.framework/Versions/A/NetAuth
0x0000000006290000 	/System/Library/PrivateFrameworks/login.framework/Versions/A/Frameworks/loginsupport.framework/Versions/A/loginsupport
0x0000000006290000 	/System/Library/PrivateFrameworks/TCC.framework/Versions/A/TCC
0x0000000006290000 	/usr/lib/libmecabra.dylib
0x0000000006290000 	/System/Library/Frameworks/ApplicationServices.framework/Versions/A/Frameworks/ATS.framework/Versions/A/ATS
0x0000000006290000 	/System/Library/Frameworks/ApplicationServices.framework/Versions/A/Frameworks/ColorSync.framework/Versions/A/ColorSync
0x0000000006290000 	/System/Library/Frameworks/ApplicationServices.framework/Versions/A/Frameworks/HIServices.framework/Versions/A/HIServices
0x0000000006290000 	/System/Library/Frameworks/ApplicationServices.framework/Versions/A/Frameworks/LangAnalysis.framework/Versions/A/LangAnalysis
0x0000000006290000 	/System/Library/Frameworks/ApplicationServices.framework/Versions/A/Frameworks/PrintCore.framework/Versions/A/PrintCore
0x0000000006290000 	/System/Library/Frameworks/ApplicationServices.framework/Versions/A/Frameworks/QD.framework/Versions/A/QD
0x0000000006290000 	/System/Library/Frameworks/ApplicationServices.framework/Versions/A/Frameworks/SpeechSynthesis.framework/Versions/A/SpeechSynthesis
0x0000000006290000 	/System/Library/Frameworks/Accelerate.framework/Versions/A/Accelerate
0x0000000006290000 	/System/Library/Frameworks/Accelerate.framework/Versions/A/Frameworks/vImage.framework/Versions/A/vImage
0x0000000006290000 	/System/Library/Frameworks/Accelerate.framework/Versions/A/Frameworks/vecLib.framework/Versions/A/vecLib
0x0000000006290000 	/System/Library/Frameworks/Accelerate.framework/Versions/A/Frameworks/vecLib.framework/Versions/A/libvDSP.dylib
0x0000000006290000 	/System/Library/Frameworks/Accelerate.framework/Versions/A/Frameworks/vecLib.framework/Versions/A/libvMisc.dylib
0x0000000006290000 	/System/Library/Frameworks/Accelerate.framework/Versions/A/Frameworks/vecLib.framework/Versions/A/libLAPACK.dylib
0x0000000006290000 	/System/Library/Frameworks/Accelerate.framework/Versions/A/Frameworks/vecLib.framework/Versions/A/libBLAS.dylib
0x0000000006290000 	/System/Library/Frameworks/Accelerate.framework/Versions/A/Frameworks/vecLib.framework/Versions/A/libLinearAlgebra.dylib
0x0000000006290000 	/System/Library/Frameworks/ApplicationServices.framework/Versions/A/Frameworks/ATS.framework/Versions/A/Resources/libFontParser.dylib
0x0000000006290000 	/System/Library/Frameworks/ApplicationServices.framework/Versions/A/Frameworks/ATS.framework/Versions/A/Resources/libFontRegistry.dylib
0x0000000006290000 	/System/Library/PrivateFrameworks/AppleVPA.framework/Versions/A/AppleVPA
0x0000000006290000 	/System/Library/PrivateFrameworks/AppleJPEG.framework/Versions/A/AppleJPEG
0x0000000006290000 	/System/Library/Frameworks/ImageIO.framework/Versions/A/Resources/libJPEG.dylib
0x0000000006290000 	/System/Library/Frameworks/ImageIO.framework/Versions/A/Resources/libTIFF.dylib
0x0000000006290000 	/System/Library/Frameworks/ImageIO.framework/Versions/A/Resources/libPng.dylib
0x0000000006290000 	/System/Library/Frameworks/ImageIO.framework/Versions/A/Resources/libGIF.dylib
0x0000000006290000 	/System/Library/Frameworks/ImageIO.framework/Versions/A/Resources/libJP2.dylib
0x0000000006290000 	/System/Library/Frameworks/ImageIO.framework/Versions/A/Resources/libRadiance.dylib
0x0000000006290000 	/System/Library/Frameworks/CoreVideo.framework/Versions/A/CoreVideo
0x0000000006290000 	/System/Library/Frameworks/OpenGL.framework/Versions/A/Libraries/libGLU.dylib
0x0000000006290000 	/System/Library/Frameworks/OpenGL.framework/Versions/A/Libraries/libGFXShared.dylib
0x0000000006290000 	/System/Library/Frameworks/OpenGL.framework/Versions/A/Libraries/libGL.dylib
0x0000000006290000 	/System/Library/Frameworks/OpenGL.framework/Versions/A/Libraries/libGLImage.dylib
0x0000000006290000 	/System/Library/Frameworks/OpenGL.framework/Versions/A/Libraries/libCVMSPluginSupport.dylib
0x0000000006290000 	/System/Library/Frameworks/OpenGL.framework/Versions/A/Libraries/libCoreVMClient.dylib
0x0000000006290000 	/usr/lib/libcups.2.dylib
0x0000000006290000 	/System/Library/Frameworks/Kerberos.framework/Versions/A/Kerberos
0x0000000006290000 	/System/Library/Frameworks/GSS.framework/Versions/A/GSS
0x0000000006290000 	/usr/lib/libresolv.9.dylib
0x0000000006290000 	/usr/lib/libiconv.2.dylib
0x0000000006290000 	/System/Library/PrivateFrameworks/Heimdal.framework/Versions/A/Heimdal
0x0000000006290000 	/usr/lib/libheimdal-asn1.dylib
0x0000000006290000 	/System/Library/Frameworks/OpenDirectory.framework/Versions/A/OpenDirectory
0x0000000006290000 	/System/Library/PrivateFrameworks/CommonAuth.framework/Versions/A/CommonAuth
0x0000000006290000 	/System/Library/Frameworks/OpenDirectory.framework/Versions/A/Frameworks/CFOpenDirectory.framework/Versions/A/CFOpenDirectory
0x0000000006290000 	/System/Library/Frameworks/SecurityFoundation.framework/Versions/A/SecurityFoundation
0x0000000006290000 	/System/Library/PrivateFrameworks/LanguageModeling.framework/Versions/A/LanguageModeling
0x0000000006290000 	/usr/lib/libcmph.dylib
0x0000000006290000 	/System/Library/Frameworks/ServiceManagement.framework/Versions/A/ServiceManagement
0x0000000006290000 	/usr/lib/libxslt.1.dylib
0x0000000006290000 	/System/Library/Frameworks/Carbon.framework/Versions/A/Frameworks/Ink.framework/Versions/A/Ink
0x0000000006290000 	/System/Library/Frameworks/QuartzCore.framework/Versions/A/Frameworks/CoreImage.framework/Versions/A/CoreImage
0x0000000006290000 	/System/Library/PrivateFrameworks/CrashReporterSupport.framework/Versions/A/CrashReporterSupport
0x0000000006290000 	/System/Library/Frameworks/OpenCL.framework/Versions/A/OpenCL
0x0000000006290000 	/System/Library/PrivateFrameworks/FaceCore.framework/Versions/A/FaceCore
0x0000000006290000 	/System/Library/PrivateFrameworks/Ubiquity.framework/Versions/A/Ubiquity
0x0000000006290000 	/System/Library/PrivateFrameworks/IconServices.framework/Versions/A/IconServices
0x0000000006290000 	/System/Library/PrivateFrameworks/ChunkingLibrary.framework/Versions/A/ChunkingLibrary
0x0000000006290000 	/System/Library/PrivateFrameworks/Apple80211.framework/Versions/A/Apple80211
0x0000000006290000 	/System/Library/Frameworks/CoreWLAN.framework/Versions/A/CoreWLAN
0x0000000006290000 	/System/Library/Frameworks/IOBluetooth.framework/Versions/A/IOBluetooth
0x0000000006290000 	/System/Library/PrivateFrameworks/CoreWiFi.framework/Versions/A/CoreWiFi
0x0000000006290000 	/System/Library/Frameworks/CoreBluetooth.framework/Versions/A/CoreBluetooth
0x0000000006290000 	/System/Library/PrivateFrameworks/DebugSymbols.framework/Versions/A/DebugSymbols
0x0000000006290000 	/System/Library/PrivateFrameworks/CoreSymbolication.framework/Versions/A/CoreSymbolication
0x0000000006290000 	/System/Library/PrivateFrameworks/Symbolication.framework/Versions/A/Symbolication
0x0000000006290000 	/System/Library/PrivateFrameworks/SpeechRecognitionCore.framework/Versions/A/SpeechRecognitionCore
0x0000000106a00000 	/Library/Java/JavaVirtualMachines/jdk1.8.0_45.jdk/Contents/Home/jre/lib/server/libjvm.dylib
0x0000000006290000 	/usr/lib/libstdc++.6.dylib
0x000000010616e000 	/Library/Java/JavaVirtualMachines/jdk1.8.0_45.jdk/Contents/Home/jre/lib/libverify.dylib
0x000000010617c000 	/Library/Java/JavaVirtualMachines/jdk1.8.0_45.jdk/Contents/Home/jre/lib/libjava.dylib
0x00000001061bb000 	/Library/Java/JavaVirtualMachines/jdk1.8.0_45.jdk/Contents/Home/jre/lib/libzip.dylib
0x000000011b53f000 	/System/Library/Frameworks/JavaVM.framework/Frameworks/JavaRuntimeSupport.framework/JavaRuntimeSupport
0x000000011b557000 	/System/Library/Frameworks/JavaVM.framework/Versions/A/Frameworks/JavaNativeFoundation.framework/Versions/A/JavaNativeFoundation
0x000000011b56c000 	/System/Library/Frameworks/JavaVM.framework/Versions/A/JavaVM
0x0000000006290000 	/System/Library/Frameworks/Carbon.framework/Versions/A/Carbon
0x000000011b579000 	/System/Library/PrivateFrameworks/JavaLaunching.framework/Versions/A/JavaLaunching
0x0000000006290000 	/System/Library/Frameworks/Carbon.framework/Versions/A/Frameworks/CommonPanels.framework/Versions/A/CommonPanels
0x0000000006290000 	/System/Library/Frameworks/Carbon.framework/Versions/A/Frameworks/Help.framework/Versions/A/Help
0x0000000006290000 	/System/Library/Frameworks/Carbon.framework/Versions/A/Frameworks/ImageCapture.framework/Versions/A/ImageCapture
0x0000000006290000 	/System/Library/Frameworks/Carbon.framework/Versions/A/Frameworks/OpenScripting.framework/Versions/A/OpenScripting
0x0000000006290000 	/System/Library/Frameworks/Carbon.framework/Versions/A/Frameworks/Print.framework/Versions/A/Print
0x0000000006290000 	/System/Library/Frameworks/Carbon.framework/Versions/A/Frameworks/SecurityHI.framework/Versions/A/SecurityHI
0x000000011d3ee000 	/Library/Java/JavaVirtualMachines/jdk1.8.0_45.jdk/Contents/Home/jre/lib/libawt.dylib
0x000000011d496000 	/Library/Java/JavaVirtualMachines/jdk1.8.0_45.jdk/Contents/Home/jre/lib/./libmlib_image.dylib
0x000000011d562000 	/Library/Java/JavaVirtualMachines/jdk1.8.0_45.jdk/Contents/Home/jre/lib/libawt_lwawt.dylib
0x000000011d616000 	/Library/Java/JavaVirtualMachines/jdk1.8.0_45.jdk/Contents/Home/jre/lib/./libosxapp.dylib
0x0000000006290000 	/System/Library/Frameworks/ExceptionHandling.framework/Versions/A/ExceptionHandling
0x0000000006290000 	/System/Library/PrivateFrameworks/CoreServicesInternal.framework/Versions/A/CoreServicesInternal
0x0000000006290000 	/System/Library/PrivateFrameworks/CloudDocs.framework/Versions/A/CloudDocs
0x0000000006290000 	/System/Library/PrivateFrameworks/CoreDuet.framework/Versions/A/CoreDuet
0x0000000006290000 	/System/Library/Frameworks/CloudKit.framework/Versions/A/CloudKit
0x0000000006290000 	/System/Library/PrivateFrameworks/ProtocolBuffer.framework/Versions/A/ProtocolBuffer
0x0000000006290000 	/System/Library/PrivateFrameworks/CoreDuetDaemonProtocol.framework/Versions/A/CoreDuetDaemonProtocol
0x0000000006290000 	/System/Library/PrivateFrameworks/CoreDuetDebugLogging.framework/Versions/A/CoreDuetDebugLogging
0x0000000006290000 	/System/Library/Frameworks/CoreLocation.framework/Versions/A/CoreLocation
0x0000000006290000 	/System/Library/Frameworks/Accounts.framework/Versions/A/Accounts
0x0000000006290000 	/System/Library/PrivateFrameworks/ApplePushService.framework/Versions/A/ApplePushService
0x0000000006290000 	/System/Library/PrivateFrameworks/GeoServices.framework/Versions/A/GeoServices
0x0000000006290000 	/System/Library/PrivateFrameworks/OAuth.framework/Versions/A/OAuth
0x0000000006290000 	/System/Library/PrivateFrameworks/CoreDaemon.framework/Versions/B/CoreDaemon
0x0000000006290000 	/usr/lib/libcrypto.0.9.8.dylib
0x0000000006290000 	/System/Library/PrivateFrameworks/AppleSRP.framework/Versions/A/AppleSRP
0x0000000006290000 	/System/Library/PrivateFrameworks/TrustEvaluationAgent.framework/Versions/A/TrustEvaluationAgent
0x0000000006290000 	/System/Library/Frameworks/CoreGraphics.framework/Versions/A/Resources/libCGCMS.A.dylib
0x0000000006290000 	/System/Library/Frameworks/CoreGraphics.framework/Versions/A/Resources/libRIP.A.dylib
0x0000000006290000 	/System/Library/Frameworks/CoreGraphics.framework/Versions/A/Resources/libCGXType.A.dylib
0x0000000006290000 	/System/Library/Frameworks/OpenCL.framework/Versions/A/Libraries/libcldcpuengine.dylib
0x0000000006290000 	/System/Library/PrivateFrameworks/DiskImages.framework/Versions/A/DiskImages
0x0000000006290000 	/System/Library/Frameworks/DiscRecording.framework/Versions/A/DiscRecording
0x0000000006290000 	/usr/lib/libcsfde.dylib
0x0000000006290000 	/usr/lib/libcurl.4.dylib
0x0000000006290000 	/System/Library/PrivateFrameworks/MediaKit.framework/Versions/A/MediaKit
0x0000000006290000 	/System/Library/PrivateFrameworks/ProtectedCloudStorage.framework/Versions/A/ProtectedCloudStorage
0x0000000006290000 	/usr/lib/libCoreStorage.dylib
0x0000000006290000 	/System/Library/PrivateFrameworks/EFILogin.framework/Versions/A/EFILogin
0x0000000006290000 	/usr/lib/libutil.dylib
0x0000000006290000 	/System/Library/PrivateFrameworks/FindMyDevice.framework/Versions/A/FindMyDevice
0x0000000006290000 	/System/Library/Frameworks/LDAP.framework/Versions/A/LDAP
0x0000000006290000 	/usr/lib/libsasl2.2.dylib
0x00000001200ad000 	cl_kernels
0x00000001200af000 	/System/Library/Frameworks/OpenCL.framework/Versions/A/Libraries/ImageFormats/unorm8_bgra.dylib
0x000000012009e000 	cl_kernels
0x0000000006290000 	/System/Library/PrivateFrameworks/FamilyControls.framework/Versions/A/FamilyControls
0x0000000006290000 	/System/Library/PrivateFrameworks/CommerceKit.framework/Versions/A/Frameworks/CommerceCore.framework/Versions/A/CommerceCore
0x0000000006290000 	/System/Library/PrivateFrameworks/SystemAdministration.framework/Versions/A/SystemAdministration
0x0000000006290000 	/System/Library/PrivateFrameworks/AppContainer.framework/Versions/A/AppContainer
0x0000000006290000 	/System/Library/PrivateFrameworks/SecCodeWrapper.framework/Versions/A/SecCodeWrapper
0x0000000006290000 	/System/Library/Frameworks/DirectoryService.framework/Versions/A/DirectoryService
0x0000000006290000 	/System/Library/PrivateFrameworks/LoginUIKit.framework/Versions/A/Frameworks/LoginUICore.framework/Versions/A/LoginUICore
0x0000000006290000 	/usr/lib/libodfde.dylib
0x000000012137b000 	/Library/Java/JavaVirtualMachines/jdk1.8.0_45.jdk/Contents/Home/jre/lib/libfontmanager.dylib
0x00000001213e2000 	/Users/Brian/git/project02_team02/lib/lwjgl-2.9.3/native/macosx/liblwjgl.dylib
0x000000011f5dd000 	/Library/Java/JavaVirtualMachines/jdk1.8.0_45.jdk/Contents/Home/jre/lib/libjawt.dylib
0x000000011f5e0000 	/Library/Java/JavaVirtualMachines/jdk1.8.0_45.jdk/Contents/Home/jre/lib/libnet.dylib
0x00000001214ac000 	/Library/Java/JavaVirtualMachines/jdk1.8.0_45.jdk/Contents/Home/jre/lib/libnio.dylib
0x0000000006290000 	/System/Library/Frameworks/OpenGL.framework/Versions/A/Resources/GLEngine.bundle/GLEngine
0x0000000006290000 	/System/Library/Frameworks/OpenGL.framework/Versions/A/Libraries/libGLProgrammability.dylib
0x0000000000000000 	/System/Library/Extensions/AppleIntelHD5000GraphicsGLDriver.bundle/Contents/MacOS/AppleIntelHD5000GraphicsGLDriver
0x0000000006290000 	/System/Library/PrivateFrameworks/IOAccelerator.framework/Versions/A/IOAccelerator
0x0000000006290000 	/System/Library/PrivateFrameworks/GPUSupport.framework/Versions/A/Libraries/libGPUSupportMercury.dylib
0x0000000006290000 	/System/Library/Frameworks/OpenGL.framework/Versions/A/Resources/GLRendererFloat.bundle/GLRendererFloat
0x000000012268a000 	/Library/Java/JavaVirtualMachines/jdk1.8.0_45.jdk/Contents/Home/jre/lib/libjpeg.dylib

VM Arguments:
jvm_args: -Djava.library.path=/Users/Brian/git/project02_team02/lib/lwjgl-2.9.3/native/macosx -Dfile.encoding=UTF-8 
java_command: game_logic.Game
java_class_path (initial): /Users/Brian/git/project02_team02/bin:/Users/Brian/git/project02_team02/lib/old/jars/lwjgl.jar:/Users/Brian/git/project02_team02/lib/old/jars/slick.jar
Launcher Type: SUN_STANDARD

Environment Variables:
PATH=/usr/bin:/bin:/usr/sbin:/sbin
SHELL=/bin/bash

Signal Handlers:
SIGSEGV: [libjvm.dylib+0x58ef95], sa_mask[0]=11111111011111110111111111111111, sa_flags=SA_ONSTACK|SA_RESTART|SA_SIGINFO
SIGBUS: [libjvm.dylib+0x58ef95], sa_mask[0]=11111111011111110111111111111111, sa_flags=SA_RESTART|SA_SIGINFO
SIGFPE: [libjvm.dylib+0x46c108], sa_mask[0]=11111111011111110111111111111111, sa_flags=SA_RESTART|SA_SIGINFO
SIGPIPE: [libjvm.dylib+0x46c108], sa_mask[0]=11111111011111110111111111111111, sa_flags=SA_RESTART|SA_SIGINFO
SIGXFSZ: [libjvm.dylib+0x46c108], sa_mask[0]=11111111011111110111111111111111, sa_flags=SA_RESTART|SA_SIGINFO
SIGILL: [libjvm.dylib+0x46c108], sa_mask[0]=11111111011111110111111111111111, sa_flags=SA_RESTART|SA_SIGINFO
SIGUSR1: SIG_DFL, sa_mask[0]=00000000000000000000000000000000, sa_flags=none
SIGUSR2: [libjvm.dylib+0x46bc26], sa_mask[0]=00100000000000000000000000000000, sa_flags=SA_RESTART|SA_SIGINFO
SIGHUP: [libjvm.dylib+0x46a1f9], sa_mask[0]=11111111011111110111111111111111, sa_flags=SA_RESTART|SA_SIGINFO
SIGINT: [libjvm.dylib+0x46a1f9], sa_mask[0]=11111111011111110111111111111111, sa_flags=SA_RESTART|SA_SIGINFO
SIGTERM: [libjvm.dylib+0x46a1f9], sa_mask[0]=11111111011111110111111111111111, sa_flags=SA_RESTART|SA_SIGINFO
SIGQUIT: [libjvm.dylib+0x46a1f9], sa_mask[0]=11111111011111110111111111111111, sa_flags=SA_RESTART|SA_SIGINFO


---------------  S Y S T E M  ---------------

OS:Bsduname:Darwin 14.1.0 Darwin Kernel Version 14.1.0: Mon Dec 22 23:10:38 PST 2014; root:xnu-2782.10.72~2/RELEASE_X86_64 x86_64
rlimit: STACK 8192k, CORE 0k, NPROC 709, NOFILE 10240, AS infinity
load average:1.90 1.95 1.96

CPU:total 4 (2 cores per cpu, 2 threads per core) family 6 model 69 stepping 1, cmov, cx8, fxsr, mmx, sse, sse2, sse3, ssse3, sse4.1, sse4.2, popcnt, avx, avx2, aes, clmul, erms, lzcnt, ht, tsc, tscinvbit, bmi1, bmi2

Memory: 4k page, physical 4194304k(251400k free)

/proc/meminfo:


vm_info: Java HotSpot(TM) 64-Bit Server VM (25.45-b02) for bsd-amd64 JRE (1.8.0_45-b14), built on Apr 10 2015 10:46:38 by "java_re" with gcc 4.2.1 (Based on Apple Inc. build 5658) (LLVM build 2336.11.00)

time: Thu Jun 25 15:00:55 2015
elapsed time: 20 seconds (0d 0h 0m 20s)

